GPU will be used for training

dataset: fmnist
federated_type: fedavg
model: cnn
n_clients: 3
global_epochs: 30
local_epochs: 5
batch_size: 32
on_cuda: 0
optimizer: sgd
lr: 0.01
data_dist: from_csv
from_csv: iid
seed: 1
seed_num: 0
drfa_gamma: 0.01
Downloading http://fashion-mnist.s3-website.eu-central-1.amazonaws.com/train-images-idx3-ubyte.gz
Downloading http://fashion-mnist.s3-website.eu-central-1.amazonaws.com/train-images-idx3-ubyte.gz to /home/exouser/Agnostic-Federated-Learning/dataset/FashionMNIST/raw/train-images-idx3-ubyte.gz
Extracting /home/exouser/Agnostic-Federated-Learning/dataset/FashionMNIST/raw/train-images-idx3-ubyte.gz to /home/exouser/Agnostic-Federated-Learning/dataset/FashionMNIST/raw

Downloading http://fashion-mnist.s3-website.eu-central-1.amazonaws.com/train-labels-idx1-ubyte.gz
Downloading http://fashion-mnist.s3-website.eu-central-1.amazonaws.com/train-labels-idx1-ubyte.gz to /home/exouser/Agnostic-Federated-Learning/dataset/FashionMNIST/raw/train-labels-idx1-ubyte.gz
Extracting /home/exouser/Agnostic-Federated-Learning/dataset/FashionMNIST/raw/train-labels-idx1-ubyte.gz to /home/exouser/Agnostic-Federated-Learning/dataset/FashionMNIST/raw

Downloading http://fashion-mnist.s3-website.eu-central-1.amazonaws.com/t10k-images-idx3-ubyte.gz
Downloading http://fashion-mnist.s3-website.eu-central-1.amazonaws.com/t10k-images-idx3-ubyte.gz to /home/exouser/Agnostic-Federated-Learning/dataset/FashionMNIST/raw/t10k-images-idx3-ubyte.gz
Extracting /home/exouser/Agnostic-Federated-Learning/dataset/FashionMNIST/raw/t10k-images-idx3-ubyte.gz to /home/exouser/Agnostic-Federated-Learning/dataset/FashionMNIST/raw

Downloading http://fashion-mnist.s3-website.eu-central-1.amazonaws.com/t10k-labels-idx1-ubyte.gz
Downloading http://fashion-mnist.s3-website.eu-central-1.amazonaws.com/t10k-labels-idx1-ubyte.gz to /home/exouser/Agnostic-Federated-Learning/dataset/FashionMNIST/raw/t10k-labels-idx1-ubyte.gz
Extracting /home/exouser/Agnostic-Federated-Learning/dataset/FashionMNIST/raw/t10k-labels-idx1-ubyte.gz to /home/exouser/Agnostic-Federated-Learning/dataset/FashionMNIST/raw

Class distribution of id:0
train [2000, 2000, 2000, 2000, 2000, 2000, 2000, 2000, 2000, 2000]
test [333, 333, 333, 333, 333, 333, 333, 333, 333, 333]
Class distribution of id:1
train [2000, 2000, 2000, 2000, 2000, 2000, 2000, 2000, 2000, 2000]
test [333, 333, 333, 333, 333, 333, 333, 333, 333, 333]
Class distribution of id:2
train [2000, 2000, 2000, 2000, 2000, 2000, 2000, 2000, 2000, 2000]
test [334, 334, 334, 334, 334, 334, 334, 334, 334, 334]
| Client id:0 | Test_Loss: 2.302 | Test_Acc: 9.039
