GPU will be used for training

dataset: fmnist
federated_type: fedavg
model: cnn
n_clients: 3
global_epochs: 30
local_epochs: 5
batch_size: 32
on_cuda: 0
optimizer: sgd
lr: 0.01
data_dist: from_csv
from_csv: iid
seed: 1
seed_num: 0
drfa_gamma: 0.01
Class distribution of id:0
train [2000, 2000, 2000, 2000, 2000, 2000, 2000, 2000, 2000, 2000]
test [333, 333, 333, 333, 333, 333, 333, 333, 333, 333]
Class distribution of id:1
train [2000, 2000, 2000, 2000, 2000, 2000, 2000, 2000, 2000, 2000]
test [333, 333, 333, 333, 333, 333, 333, 333, 333, 333]
Class distribution of id:2
train [2000, 2000, 2000, 2000, 2000, 2000, 2000, 2000, 2000, 2000]
test [334, 334, 334, 334, 334, 334, 334, 334, 334, 334]
| Client id:0 | Test_Loss: 2.302 | Test_Acc: 9.039
| Global Round : 1/30 | Client id:0 | Local Epoch : 1/5 |  Train_Loss: 0.756 | Train_Acc: 72.875
| Global Round : 1/30 | Client id:0 | Local Epoch : 2/5 |  Train_Loss: 0.431 | Train_Acc: 84.110
| Global Round : 1/30 | Client id:0 | Local Epoch : 3/5 |  Train_Loss: 0.376 | Train_Acc: 86.080
| Global Round : 1/30 | Client id:0 | Local Epoch : 4/5 |  Train_Loss: 0.339 | Train_Acc: 87.350
| Global Round : 1/30 | Client id:0 | Local Epoch : 5/5 |  Train_Loss: 0.310 | Train_Acc: 88.455
| Client id:1 | Test_Loss: 2.303 | Test_Acc: 9.399
| Global Round : 1/30 | Client id:1 | Local Epoch : 1/5 |  Train_Loss: 0.748 | Train_Acc: 72.540
| Global Round : 1/30 | Client id:1 | Local Epoch : 2/5 |  Train_Loss: 0.415 | Train_Acc: 84.460
| Global Round : 1/30 | Client id:1 | Local Epoch : 3/5 |  Train_Loss: 0.356 | Train_Acc: 86.910
| Global Round : 1/30 | Client id:1 | Local Epoch : 4/5 |  Train_Loss: 0.318 | Train_Acc: 88.250
| Global Round : 1/30 | Client id:1 | Local Epoch : 5/5 |  Train_Loss: 0.291 | Train_Acc: 89.100
| Client id:2 | Test_Loss: 2.303 | Test_Acc: 9.132
| Global Round : 1/30 | Client id:2 | Local Epoch : 1/5 |  Train_Loss: 0.725 | Train_Acc: 73.530
| Global Round : 1/30 | Client id:2 | Local Epoch : 2/5 |  Train_Loss: 0.421 | Train_Acc: 84.535
| Global Round : 1/30 | Client id:2 | Local Epoch : 3/5 |  Train_Loss: 0.358 | Train_Acc: 86.830
| Global Round : 1/30 | Client id:2 | Local Epoch : 4/5 |  Train_Loss: 0.319 | Train_Acc: 88.185
| Global Round : 1/30 | Client id:2 | Local Epoch : 5/5 |  Train_Loss: 0.289 | Train_Acc: 89.365
aggregating weights...
| Client id:0 | Test_Loss: 0.394 | Test_Acc: 86.396
| Global Round : 2/30 | Client id:0 | Local Epoch : 1/5 |  Train_Loss: 0.329 | Train_Acc: 87.800
| Global Round : 2/30 | Client id:0 | Local Epoch : 2/5 |  Train_Loss: 0.294 | Train_Acc: 89.155
| Global Round : 2/30 | Client id:0 | Local Epoch : 3/5 |  Train_Loss: 0.267 | Train_Acc: 90.135
| Global Round : 2/30 | Client id:0 | Local Epoch : 4/5 |  Train_Loss: 0.244 | Train_Acc: 91.040
| Global Round : 2/30 | Client id:0 | Local Epoch : 5/5 |  Train_Loss: 0.220 | Train_Acc: 91.915
| Client id:1 | Test_Loss: 0.391 | Test_Acc: 86.607
| Global Round : 2/30 | Client id:1 | Local Epoch : 1/5 |  Train_Loss: 0.315 | Train_Acc: 88.090
| Global Round : 2/30 | Client id:1 | Local Epoch : 2/5 |  Train_Loss: 0.276 | Train_Acc: 89.685
| Global Round : 2/30 | Client id:1 | Local Epoch : 3/5 |  Train_Loss: 0.249 | Train_Acc: 90.595
| Global Round : 2/30 | Client id:1 | Local Epoch : 4/5 |  Train_Loss: 0.230 | Train_Acc: 91.340
| Global Round : 2/30 | Client id:1 | Local Epoch : 5/5 |  Train_Loss: 0.209 | Train_Acc: 92.045
| Client id:2 | Test_Loss: 0.399 | Test_Acc: 86.228
| Global Round : 2/30 | Client id:2 | Local Epoch : 1/5 |  Train_Loss: 0.317 | Train_Acc: 88.225
| Global Round : 2/30 | Client id:2 | Local Epoch : 2/5 |  Train_Loss: 0.281 | Train_Acc: 89.590
| Global Round : 2/30 | Client id:2 | Local Epoch : 3/5 |  Train_Loss: 0.252 | Train_Acc: 90.385
| Global Round : 2/30 | Client id:2 | Local Epoch : 4/5 |  Train_Loss: 0.228 | Train_Acc: 91.465
| Global Round : 2/30 | Client id:2 | Local Epoch : 5/5 |  Train_Loss: 0.205 | Train_Acc: 92.330
aggregating weights...
| Client id:0 | Test_Loss: 0.281 | Test_Acc: 90.120
| Global Round : 3/30 | Client id:0 | Local Epoch : 1/5 |  Train_Loss: 0.253 | Train_Acc: 90.540
| Global Round : 3/30 | Client id:0 | Local Epoch : 2/5 |  Train_Loss: 0.219 | Train_Acc: 91.910
| Global Round : 3/30 | Client id:0 | Local Epoch : 3/5 |  Train_Loss: 0.200 | Train_Acc: 92.650
| Global Round : 3/30 | Client id:0 | Local Epoch : 4/5 |  Train_Loss: 0.176 | Train_Acc: 93.455
| Global Round : 3/30 | Client id:0 | Local Epoch : 5/5 |  Train_Loss: 0.157 | Train_Acc: 94.260
| Client id:1 | Test_Loss: 0.268 | Test_Acc: 90.030
| Global Round : 3/30 | Client id:1 | Local Epoch : 1/5 |  Train_Loss: 0.242 | Train_Acc: 91.000
| Global Round : 3/30 | Client id:1 | Local Epoch : 2/5 |  Train_Loss: 0.212 | Train_Acc: 91.900
| Global Round : 3/30 | Client id:1 | Local Epoch : 3/5 |  Train_Loss: 0.189 | Train_Acc: 92.870
| Global Round : 3/30 | Client id:1 | Local Epoch : 4/5 |  Train_Loss: 0.168 | Train_Acc: 93.470
| Global Round : 3/30 | Client id:1 | Local Epoch : 5/5 |  Train_Loss: 0.154 | Train_Acc: 94.175
| Client id:2 | Test_Loss: 0.270 | Test_Acc: 89.970
| Global Round : 3/30 | Client id:2 | Local Epoch : 1/5 |  Train_Loss: 0.240 | Train_Acc: 91.085
| Global Round : 3/30 | Client id:2 | Local Epoch : 2/5 |  Train_Loss: 0.208 | Train_Acc: 92.350
| Global Round : 3/30 | Client id:2 | Local Epoch : 3/5 |  Train_Loss: 0.184 | Train_Acc: 93.090
| Global Round : 3/30 | Client id:2 | Local Epoch : 4/5 |  Train_Loss: 0.162 | Train_Acc: 94.105
| Global Round : 3/30 | Client id:2 | Local Epoch : 5/5 |  Train_Loss: 0.146 | Train_Acc: 94.445
aggregating weights...
| Client id:0 | Test_Loss: 0.271 | Test_Acc: 90.781
| Global Round : 4/30 | Client id:0 | Local Epoch : 1/5 |  Train_Loss: 0.212 | Train_Acc: 92.290
| Global Round : 4/30 | Client id:0 | Local Epoch : 2/5 |  Train_Loss: 0.171 | Train_Acc: 93.680
| Global Round : 4/30 | Client id:0 | Local Epoch : 3/5 |  Train_Loss: 0.150 | Train_Acc: 94.515
| Global Round : 4/30 | Client id:0 | Local Epoch : 4/5 |  Train_Loss: 0.126 | Train_Acc: 95.425
| Global Round : 4/30 | Client id:0 | Local Epoch : 5/5 |  Train_Loss: 0.109 | Train_Acc: 96.035
| Client id:1 | Test_Loss: 0.253 | Test_Acc: 91.111
| Global Round : 4/30 | Client id:1 | Local Epoch : 1/5 |  Train_Loss: 0.203 | Train_Acc: 92.380
| Global Round : 4/30 | Client id:1 | Local Epoch : 2/5 |  Train_Loss: 0.167 | Train_Acc: 93.670
| Global Round : 4/30 | Client id:1 | Local Epoch : 3/5 |  Train_Loss: 0.145 | Train_Acc: 94.525
| Global Round : 4/30 | Client id:1 | Local Epoch : 4/5 |  Train_Loss: 0.121 | Train_Acc: 95.460
| Global Round : 4/30 | Client id:1 | Local Epoch : 5/5 |  Train_Loss: 0.106 | Train_Acc: 95.905
| Client id:2 | Test_Loss: 0.262 | Test_Acc: 90.898
| Global Round : 4/30 | Client id:2 | Local Epoch : 1/5 |  Train_Loss: 0.198 | Train_Acc: 92.640
| Global Round : 4/30 | Client id:2 | Local Epoch : 2/5 |  Train_Loss: 0.162 | Train_Acc: 93.925
| Global Round : 4/30 | Client id:2 | Local Epoch : 3/5 |  Train_Loss: 0.138 | Train_Acc: 94.780
| Global Round : 4/30 | Client id:2 | Local Epoch : 4/5 |  Train_Loss: 0.123 | Train_Acc: 95.500
| Global Round : 4/30 | Client id:2 | Local Epoch : 5/5 |  Train_Loss: 0.103 | Train_Acc: 96.235
aggregating weights...
| Client id:0 | Test_Loss: 0.265 | Test_Acc: 91.141
| Global Round : 5/30 | Client id:0 | Local Epoch : 1/5 |  Train_Loss: 0.179 | Train_Acc: 93.425
| Global Round : 5/30 | Client id:0 | Local Epoch : 2/5 |  Train_Loss: 0.131 | Train_Acc: 95.190
| Global Round : 5/30 | Client id:0 | Local Epoch : 3/5 |  Train_Loss: 0.106 | Train_Acc: 96.145
| Global Round : 5/30 | Client id:0 | Local Epoch : 4/5 |  Train_Loss: 0.094 | Train_Acc: 96.565
| Global Round : 5/30 | Client id:0 | Local Epoch : 5/5 |  Train_Loss: 0.080 | Train_Acc: 96.965
| Client id:1 | Test_Loss: 0.250 | Test_Acc: 91.502
| Global Round : 5/30 | Client id:1 | Local Epoch : 1/5 |  Train_Loss: 0.169 | Train_Acc: 93.570
| Global Round : 5/30 | Client id:1 | Local Epoch : 2/5 |  Train_Loss: 0.124 | Train_Acc: 95.405
| Global Round : 5/30 | Client id:1 | Local Epoch : 3/5 |  Train_Loss: 0.104 | Train_Acc: 96.070
| Global Round : 5/30 | Client id:1 | Local Epoch : 4/5 |  Train_Loss: 0.087 | Train_Acc: 96.970
| Global Round : 5/30 | Client id:1 | Local Epoch : 5/5 |  Train_Loss: 0.077 | Train_Acc: 97.190
| Client id:2 | Test_Loss: 0.255 | Test_Acc: 91.108
| Global Round : 5/30 | Client id:2 | Local Epoch : 1/5 |  Train_Loss: 0.169 | Train_Acc: 93.730
| Global Round : 5/30 | Client id:2 | Local Epoch : 2/5 |  Train_Loss: 0.125 | Train_Acc: 95.380
| Global Round : 5/30 | Client id:2 | Local Epoch : 3/5 |  Train_Loss: 0.101 | Train_Acc: 96.395
| Global Round : 5/30 | Client id:2 | Local Epoch : 4/5 |  Train_Loss: 0.088 | Train_Acc: 96.755
| Global Round : 5/30 | Client id:2 | Local Epoch : 5/5 |  Train_Loss: 0.080 | Train_Acc: 96.895
aggregating weights...
| Client id:0 | Test_Loss: 0.291 | Test_Acc: 91.111
| Global Round : 6/30 | Client id:0 | Local Epoch : 1/5 |  Train_Loss: 0.147 | Train_Acc: 94.580
| Global Round : 6/30 | Client id:0 | Local Epoch : 2/5 |  Train_Loss: 0.107 | Train_Acc: 96.095
| Global Round : 6/30 | Client id:0 | Local Epoch : 3/5 |  Train_Loss: 0.087 | Train_Acc: 96.795
| Global Round : 6/30 | Client id:0 | Local Epoch : 4/5 |  Train_Loss: 0.072 | Train_Acc: 97.395
| Global Round : 6/30 | Client id:0 | Local Epoch : 5/5 |  Train_Loss: 0.059 | Train_Acc: 97.915
| Client id:1 | Test_Loss: 0.266 | Test_Acc: 91.381
| Global Round : 6/30 | Client id:1 | Local Epoch : 1/5 |  Train_Loss: 0.144 | Train_Acc: 94.395
| Global Round : 6/30 | Client id:1 | Local Epoch : 2/5 |  Train_Loss: 0.102 | Train_Acc: 96.205
| Global Round : 6/30 | Client id:1 | Local Epoch : 3/5 |  Train_Loss: 0.078 | Train_Acc: 97.165
| Global Round : 6/30 | Client id:1 | Local Epoch : 4/5 |  Train_Loss: 0.065 | Train_Acc: 97.710
| Global Round : 6/30 | Client id:1 | Local Epoch : 5/5 |  Train_Loss: 0.055 | Train_Acc: 98.030
| Client id:2 | Test_Loss: 0.260 | Test_Acc: 91.317
| Global Round : 6/30 | Client id:2 | Local Epoch : 1/5 |  Train_Loss: 0.148 | Train_Acc: 94.530
| Global Round : 6/30 | Client id:2 | Local Epoch : 2/5 |  Train_Loss: 0.101 | Train_Acc: 96.080
| Global Round : 6/30 | Client id:2 | Local Epoch : 3/5 |  Train_Loss: 0.080 | Train_Acc: 96.995
| Global Round : 6/30 | Client id:2 | Local Epoch : 4/5 |  Train_Loss: 0.069 | Train_Acc: 97.520
| Global Round : 6/30 | Client id:2 | Local Epoch : 5/5 |  Train_Loss: 0.057 | Train_Acc: 97.860
aggregating weights...
| Client id:0 | Test_Loss: 0.340 | Test_Acc: 90.961
| Global Round : 7/30 | Client id:0 | Local Epoch : 1/5 |  Train_Loss: 0.127 | Train_Acc: 95.310
| Global Round : 7/30 | Client id:0 | Local Epoch : 2/5 |  Train_Loss: 0.086 | Train_Acc: 96.930
| Global Round : 7/30 | Client id:0 | Local Epoch : 3/5 |  Train_Loss: 0.069 | Train_Acc: 97.470
| Global Round : 7/30 | Client id:0 | Local Epoch : 4/5 |  Train_Loss: 0.057 | Train_Acc: 98.020
| Global Round : 7/30 | Client id:0 | Local Epoch : 5/5 |  Train_Loss: 0.047 | Train_Acc: 98.385
| Client id:1 | Test_Loss: 0.302 | Test_Acc: 91.231
| Global Round : 7/30 | Client id:1 | Local Epoch : 1/5 |  Train_Loss: 0.127 | Train_Acc: 95.275
| Global Round : 7/30 | Client id:1 | Local Epoch : 2/5 |  Train_Loss: 0.085 | Train_Acc: 96.730
| Global Round : 7/30 | Client id:1 | Local Epoch : 3/5 |  Train_Loss: 0.064 | Train_Acc: 97.725
| Global Round : 7/30 | Client id:1 | Local Epoch : 4/5 |  Train_Loss: 0.051 | Train_Acc: 98.225
| Global Round : 7/30 | Client id:1 | Local Epoch : 5/5 |  Train_Loss: 0.036 | Train_Acc: 98.730
| Client id:2 | Test_Loss: 0.301 | Test_Acc: 90.778
| Global Round : 7/30 | Client id:2 | Local Epoch : 1/5 |  Train_Loss: 0.130 | Train_Acc: 95.060
| Global Round : 7/30 | Client id:2 | Local Epoch : 2/5 |  Train_Loss: 0.089 | Train_Acc: 96.685
| Global Round : 7/30 | Client id:2 | Local Epoch : 3/5 |  Train_Loss: 0.064 | Train_Acc: 97.585
| Global Round : 7/30 | Client id:2 | Local Epoch : 4/5 |  Train_Loss: 0.053 | Train_Acc: 98.075
| Global Round : 7/30 | Client id:2 | Local Epoch : 5/5 |  Train_Loss: 0.049 | Train_Acc: 98.280
aggregating weights...
| Client id:0 | Test_Loss: 0.312 | Test_Acc: 91.922
| Global Round : 8/30 | Client id:0 | Local Epoch : 1/5 |  Train_Loss: 0.119 | Train_Acc: 95.575
| Global Round : 8/30 | Client id:0 | Local Epoch : 2/5 |  Train_Loss: 0.074 | Train_Acc: 97.280
| Global Round : 8/30 | Client id:0 | Local Epoch : 3/5 |  Train_Loss: 0.053 | Train_Acc: 98.190
| Global Round : 8/30 | Client id:0 | Local Epoch : 4/5 |  Train_Loss: 0.040 | Train_Acc: 98.670
| Global Round : 8/30 | Client id:0 | Local Epoch : 5/5 |  Train_Loss: 0.038 | Train_Acc: 98.840
| Client id:1 | Test_Loss: 0.288 | Test_Acc: 91.862
| Global Round : 8/30 | Client id:1 | Local Epoch : 1/5 |  Train_Loss: 0.113 | Train_Acc: 95.610
| Global Round : 8/30 | Client id:1 | Local Epoch : 2/5 |  Train_Loss: 0.077 | Train_Acc: 97.150
| Global Round : 8/30 | Client id:1 | Local Epoch : 3/5 |  Train_Loss: 0.056 | Train_Acc: 98.010
| Global Round : 8/30 | Client id:1 | Local Epoch : 4/5 |  Train_Loss: 0.045 | Train_Acc: 98.405
| Global Round : 8/30 | Client id:1 | Local Epoch : 5/5 |  Train_Loss: 0.035 | Train_Acc: 98.775
| Client id:2 | Test_Loss: 0.284 | Test_Acc: 91.796
| Global Round : 8/30 | Client id:2 | Local Epoch : 1/5 |  Train_Loss: 0.110 | Train_Acc: 95.855
| Global Round : 8/30 | Client id:2 | Local Epoch : 2/5 |  Train_Loss: 0.071 | Train_Acc: 97.370
| Global Round : 8/30 | Client id:2 | Local Epoch : 3/5 |  Train_Loss: 0.053 | Train_Acc: 98.090
| Global Round : 8/30 | Client id:2 | Local Epoch : 4/5 |  Train_Loss: 0.042 | Train_Acc: 98.475
| Global Round : 8/30 | Client id:2 | Local Epoch : 5/5 |  Train_Loss: 0.035 | Train_Acc: 98.815
aggregating weights...
| Client id:0 | Test_Loss: 0.340 | Test_Acc: 91.201
| Global Round : 9/30 | Client id:0 | Local Epoch : 1/5 |  Train_Loss: 0.099 | Train_Acc: 96.355
| Global Round : 9/30 | Client id:0 | Local Epoch : 2/5 |  Train_Loss: 0.068 | Train_Acc: 97.585
| Global Round : 9/30 | Client id:0 | Local Epoch : 3/5 |  Train_Loss: 0.050 | Train_Acc: 98.190
| Global Round : 9/30 | Client id:0 | Local Epoch : 4/5 |  Train_Loss: 0.040 | Train_Acc: 98.560
| Global Round : 9/30 | Client id:0 | Local Epoch : 5/5 |  Train_Loss: 0.036 | Train_Acc: 98.760
| Client id:1 | Test_Loss: 0.309 | Test_Acc: 91.802
| Global Round : 9/30 | Client id:1 | Local Epoch : 1/5 |  Train_Loss: 0.101 | Train_Acc: 96.180
| Global Round : 9/30 | Client id:1 | Local Epoch : 2/5 |  Train_Loss: 0.059 | Train_Acc: 97.970
| Global Round : 9/30 | Client id:1 | Local Epoch : 3/5 |  Train_Loss: 0.047 | Train_Acc: 98.345
| Global Round : 9/30 | Client id:1 | Local Epoch : 4/5 |  Train_Loss: 0.041 | Train_Acc: 98.565
| Global Round : 9/30 | Client id:1 | Local Epoch : 5/5 |  Train_Loss: 0.032 | Train_Acc: 98.885
| Client id:2 | Test_Loss: 0.312 | Test_Acc: 91.287
| Global Round : 9/30 | Client id:2 | Local Epoch : 1/5 |  Train_Loss: 0.101 | Train_Acc: 96.145
| Global Round : 9/30 | Client id:2 | Local Epoch : 2/5 |  Train_Loss: 0.063 | Train_Acc: 97.695
| Global Round : 9/30 | Client id:2 | Local Epoch : 3/5 |  Train_Loss: 0.049 | Train_Acc: 98.280
| Global Round : 9/30 | Client id:2 | Local Epoch : 4/5 |  Train_Loss: 0.034 | Train_Acc: 98.890
| Global Round : 9/30 | Client id:2 | Local Epoch : 5/5 |  Train_Loss: 0.034 | Train_Acc: 98.770
aggregating weights...
| Client id:0 | Test_Loss: 0.328 | Test_Acc: 91.832
| Global Round : 10/30 | Client id:0 | Local Epoch : 1/5 |  Train_Loss: 0.090 | Train_Acc: 96.660
| Global Round : 10/30 | Client id:0 | Local Epoch : 2/5 |  Train_Loss: 0.058 | Train_Acc: 97.900
| Global Round : 10/30 | Client id:0 | Local Epoch : 3/5 |  Train_Loss: 0.047 | Train_Acc: 98.405
| Global Round : 10/30 | Client id:0 | Local Epoch : 4/5 |  Train_Loss: 0.035 | Train_Acc: 98.770
| Global Round : 10/30 | Client id:0 | Local Epoch : 5/5 |  Train_Loss: 0.023 | Train_Acc: 99.320
| Client id:1 | Test_Loss: 0.294 | Test_Acc: 92.192
| Global Round : 10/30 | Client id:1 | Local Epoch : 1/5 |  Train_Loss: 0.093 | Train_Acc: 96.545
| Global Round : 10/30 | Client id:1 | Local Epoch : 2/5 |  Train_Loss: 0.055 | Train_Acc: 98.115
| Global Round : 10/30 | Client id:1 | Local Epoch : 3/5 |  Train_Loss: 0.040 | Train_Acc: 98.575
| Global Round : 10/30 | Client id:1 | Local Epoch : 4/5 |  Train_Loss: 0.034 | Train_Acc: 98.945
| Global Round : 10/30 | Client id:1 | Local Epoch : 5/5 |  Train_Loss: 0.029 | Train_Acc: 99.115
| Client id:2 | Test_Loss: 0.305 | Test_Acc: 91.437
| Global Round : 10/30 | Client id:2 | Local Epoch : 1/5 |  Train_Loss: 0.090 | Train_Acc: 96.580
| Global Round : 10/30 | Client id:2 | Local Epoch : 2/5 |  Train_Loss: 0.056 | Train_Acc: 98.020
| Global Round : 10/30 | Client id:2 | Local Epoch : 3/5 |  Train_Loss: 0.037 | Train_Acc: 98.745
| Global Round : 10/30 | Client id:2 | Local Epoch : 4/5 |  Train_Loss: 0.038 | Train_Acc: 98.690
| Global Round : 10/30 | Client id:2 | Local Epoch : 5/5 |  Train_Loss: 0.030 | Train_Acc: 99.060
aggregating weights...
| Client id:0 | Test_Loss: 0.390 | Test_Acc: 91.381
| Global Round : 11/30 | Client id:0 | Local Epoch : 1/5 |  Train_Loss: 0.087 | Train_Acc: 96.735
| Global Round : 11/30 | Client id:0 | Local Epoch : 2/5 |  Train_Loss: 0.050 | Train_Acc: 98.205
| Global Round : 11/30 | Client id:0 | Local Epoch : 3/5 |  Train_Loss: 0.036 | Train_Acc: 98.805
| Global Round : 11/30 | Client id:0 | Local Epoch : 4/5 |  Train_Loss: 0.028 | Train_Acc: 99.075
| Global Round : 11/30 | Client id:0 | Local Epoch : 5/5 |  Train_Loss: 0.024 | Train_Acc: 99.290
| Client id:1 | Test_Loss: 0.319 | Test_Acc: 91.562
| Global Round : 11/30 | Client id:1 | Local Epoch : 1/5 |  Train_Loss: 0.083 | Train_Acc: 96.865
| Global Round : 11/30 | Client id:1 | Local Epoch : 2/5 |  Train_Loss: 0.047 | Train_Acc: 98.325
| Global Round : 11/30 | Client id:1 | Local Epoch : 3/5 |  Train_Loss: 0.043 | Train_Acc: 98.535
| Global Round : 11/30 | Client id:1 | Local Epoch : 4/5 |  Train_Loss: 0.041 | Train_Acc: 98.645
| Global Round : 11/30 | Client id:1 | Local Epoch : 5/5 |  Train_Loss: 0.021 | Train_Acc: 99.370
| Client id:2 | Test_Loss: 0.321 | Test_Acc: 91.228
| Global Round : 11/30 | Client id:2 | Local Epoch : 1/5 |  Train_Loss: 0.079 | Train_Acc: 97.080
| Global Round : 11/30 | Client id:2 | Local Epoch : 2/5 |  Train_Loss: 0.051 | Train_Acc: 98.165
| Global Round : 11/30 | Client id:2 | Local Epoch : 3/5 |  Train_Loss: 0.045 | Train_Acc: 98.420
| Global Round : 11/30 | Client id:2 | Local Epoch : 4/5 |  Train_Loss: 0.037 | Train_Acc: 98.790
| Global Round : 11/30 | Client id:2 | Local Epoch : 5/5 |  Train_Loss: 0.031 | Train_Acc: 99.095
aggregating weights...
| Client id:0 | Test_Loss: 0.320 | Test_Acc: 92.432
| Global Round : 12/30 | Client id:0 | Local Epoch : 1/5 |  Train_Loss: 0.081 | Train_Acc: 97.120
| Global Round : 12/30 | Client id:0 | Local Epoch : 2/5 |  Train_Loss: 0.044 | Train_Acc: 98.490
| Global Round : 12/30 | Client id:0 | Local Epoch : 3/5 |  Train_Loss: 0.035 | Train_Acc: 98.880
| Global Round : 12/30 | Client id:0 | Local Epoch : 4/5 |  Train_Loss: 0.033 | Train_Acc: 98.910
| Global Round : 12/30 | Client id:0 | Local Epoch : 5/5 |  Train_Loss: 0.022 | Train_Acc: 99.355
| Client id:1 | Test_Loss: 0.307 | Test_Acc: 92.252
| Global Round : 12/30 | Client id:1 | Local Epoch : 1/5 |  Train_Loss: 0.074 | Train_Acc: 97.315
| Global Round : 12/30 | Client id:1 | Local Epoch : 2/5 |  Train_Loss: 0.050 | Train_Acc: 98.130
| Global Round : 12/30 | Client id:1 | Local Epoch : 3/5 |  Train_Loss: 0.042 | Train_Acc: 98.560
| Global Round : 12/30 | Client id:1 | Local Epoch : 4/5 |  Train_Loss: 0.029 | Train_Acc: 99.010
| Global Round : 12/30 | Client id:1 | Local Epoch : 5/5 |  Train_Loss: 0.023 | Train_Acc: 99.260
| Client id:2 | Test_Loss: 0.298 | Test_Acc: 91.886
| Global Round : 12/30 | Client id:2 | Local Epoch : 1/5 |  Train_Loss: 0.074 | Train_Acc: 97.415
| Global Round : 12/30 | Client id:2 | Local Epoch : 2/5 |  Train_Loss: 0.046 | Train_Acc: 98.400
| Global Round : 12/30 | Client id:2 | Local Epoch : 3/5 |  Train_Loss: 0.037 | Train_Acc: 98.740
| Global Round : 12/30 | Client id:2 | Local Epoch : 4/5 |  Train_Loss: 0.026 | Train_Acc: 99.235
| Global Round : 12/30 | Client id:2 | Local Epoch : 5/5 |  Train_Loss: 0.021 | Train_Acc: 99.305
aggregating weights...
| Client id:0 | Test_Loss: 0.351 | Test_Acc: 91.742
| Global Round : 13/30 | Client id:0 | Local Epoch : 1/5 |  Train_Loss: 0.077 | Train_Acc: 97.160
| Global Round : 13/30 | Client id:0 | Local Epoch : 2/5 |  Train_Loss: 0.048 | Train_Acc: 98.335
| Global Round : 13/30 | Client id:0 | Local Epoch : 3/5 |  Train_Loss: 0.037 | Train_Acc: 98.765
| Global Round : 13/30 | Client id:0 | Local Epoch : 4/5 |  Train_Loss: 0.022 | Train_Acc: 99.305
| Global Round : 13/30 | Client id:0 | Local Epoch : 5/5 |  Train_Loss: 0.019 | Train_Acc: 99.445
| Client id:1 | Test_Loss: 0.326 | Test_Acc: 91.832
| Global Round : 13/30 | Client id:1 | Local Epoch : 1/5 |  Train_Loss: 0.073 | Train_Acc: 97.355
| Global Round : 13/30 | Client id:1 | Local Epoch : 2/5 |  Train_Loss: 0.049 | Train_Acc: 98.370
| Global Round : 13/30 | Client id:1 | Local Epoch : 3/5 |  Train_Loss: 0.033 | Train_Acc: 98.840
| Global Round : 13/30 | Client id:1 | Local Epoch : 4/5 |  Train_Loss: 0.027 | Train_Acc: 99.135
| Global Round : 13/30 | Client id:1 | Local Epoch : 5/5 |  Train_Loss: 0.023 | Train_Acc: 99.320
| Client id:2 | Test_Loss: 0.324 | Test_Acc: 91.527
| Global Round : 13/30 | Client id:2 | Local Epoch : 1/5 |  Train_Loss: 0.071 | Train_Acc: 97.525
| Global Round : 13/30 | Client id:2 | Local Epoch : 2/5 |  Train_Loss: 0.050 | Train_Acc: 98.210
| Global Round : 13/30 | Client id:2 | Local Epoch : 3/5 |  Train_Loss: 0.035 | Train_Acc: 98.860
| Global Round : 13/30 | Client id:2 | Local Epoch : 4/5 |  Train_Loss: 0.032 | Train_Acc: 98.905
| Global Round : 13/30 | Client id:2 | Local Epoch : 5/5 |  Train_Loss: 0.023 | Train_Acc: 99.280
aggregating weights...
| Client id:0 | Test_Loss: 0.337 | Test_Acc: 91.592
| Global Round : 14/30 | Client id:0 | Local Epoch : 1/5 |  Train_Loss: 0.072 | Train_Acc: 97.370
| Global Round : 14/30 | Client id:0 | Local Epoch : 2/5 |  Train_Loss: 0.045 | Train_Acc: 98.460
| Global Round : 14/30 | Client id:0 | Local Epoch : 3/5 |  Train_Loss: 0.031 | Train_Acc: 99.025
| Global Round : 14/30 | Client id:0 | Local Epoch : 4/5 |  Train_Loss: 0.023 | Train_Acc: 99.380
| Global Round : 14/30 | Client id:0 | Local Epoch : 5/5 |  Train_Loss: 0.018 | Train_Acc: 99.450
| Client id:1 | Test_Loss: 0.317 | Test_Acc: 91.862
| Global Round : 14/30 | Client id:1 | Local Epoch : 1/5 |  Train_Loss: 0.067 | Train_Acc: 97.575
| Global Round : 14/30 | Client id:1 | Local Epoch : 2/5 |  Train_Loss: 0.047 | Train_Acc: 98.315
| Global Round : 14/30 | Client id:1 | Local Epoch : 3/5 |  Train_Loss: 0.031 | Train_Acc: 98.960
| Global Round : 14/30 | Client id:1 | Local Epoch : 4/5 |  Train_Loss: 0.019 | Train_Acc: 99.380
| Global Round : 14/30 | Client id:1 | Local Epoch : 5/5 |  Train_Loss: 0.018 | Train_Acc: 99.455
| Client id:2 | Test_Loss: 0.312 | Test_Acc: 92.006
| Global Round : 14/30 | Client id:2 | Local Epoch : 1/5 |  Train_Loss: 0.068 | Train_Acc: 97.590
| Global Round : 14/30 | Client id:2 | Local Epoch : 2/5 |  Train_Loss: 0.044 | Train_Acc: 98.420
| Global Round : 14/30 | Client id:2 | Local Epoch : 3/5 |  Train_Loss: 0.035 | Train_Acc: 98.910
| Global Round : 14/30 | Client id:2 | Local Epoch : 4/5 |  Train_Loss: 0.025 | Train_Acc: 99.210
| Global Round : 14/30 | Client id:2 | Local Epoch : 5/5 |  Train_Loss: 0.022 | Train_Acc: 99.285
aggregating weights...
| Client id:0 | Test_Loss: 0.342 | Test_Acc: 91.562
| Global Round : 15/30 | Client id:0 | Local Epoch : 1/5 |  Train_Loss: 0.072 | Train_Acc: 97.385
| Global Round : 15/30 | Client id:0 | Local Epoch : 2/5 |  Train_Loss: 0.049 | Train_Acc: 98.240
| Global Round : 15/30 | Client id:0 | Local Epoch : 3/5 |  Train_Loss: 0.032 | Train_Acc: 98.830
| Global Round : 15/30 | Client id:0 | Local Epoch : 4/5 |  Train_Loss: 0.024 | Train_Acc: 99.155
| Global Round : 15/30 | Client id:0 | Local Epoch : 5/5 |  Train_Loss: 0.014 | Train_Acc: 99.605
| Client id:1 | Test_Loss: 0.344 | Test_Acc: 91.652
| Global Round : 15/30 | Client id:1 | Local Epoch : 1/5 |  Train_Loss: 0.070 | Train_Acc: 97.505
| Global Round : 15/30 | Client id:1 | Local Epoch : 2/5 |  Train_Loss: 0.038 | Train_Acc: 98.815
| Global Round : 15/30 | Client id:1 | Local Epoch : 3/5 |  Train_Loss: 0.032 | Train_Acc: 98.955
| Global Round : 15/30 | Client id:1 | Local Epoch : 4/5 |  Train_Loss: 0.014 | Train_Acc: 99.625
| Global Round : 15/30 | Client id:1 | Local Epoch : 5/5 |  Train_Loss: 0.018 | Train_Acc: 99.480
| Client id:2 | Test_Loss: 0.326 | Test_Acc: 91.467
| Global Round : 15/30 | Client id:2 | Local Epoch : 1/5 |  Train_Loss: 0.062 | Train_Acc: 97.815
| Global Round : 15/30 | Client id:2 | Local Epoch : 2/5 |  Train_Loss: 0.044 | Train_Acc: 98.470
| Global Round : 15/30 | Client id:2 | Local Epoch : 3/5 |  Train_Loss: 0.030 | Train_Acc: 99.055
| Global Round : 15/30 | Client id:2 | Local Epoch : 4/5 |  Train_Loss: 0.017 | Train_Acc: 99.570
| Global Round : 15/30 | Client id:2 | Local Epoch : 5/5 |  Train_Loss: 0.014 | Train_Acc: 99.655
aggregating weights...
| Client id:0 | Test_Loss: 0.352 | Test_Acc: 92.102
| Global Round : 16/30 | Client id:0 | Local Epoch : 1/5 |  Train_Loss: 0.068 | Train_Acc: 97.540
| Global Round : 16/30 | Client id:0 | Local Epoch : 2/5 |  Train_Loss: 0.047 | Train_Acc: 98.380
| Global Round : 16/30 | Client id:0 | Local Epoch : 3/5 |  Train_Loss: 0.033 | Train_Acc: 98.990
| Global Round : 16/30 | Client id:0 | Local Epoch : 4/5 |  Train_Loss: 0.025 | Train_Acc: 99.185
| Global Round : 16/30 | Client id:0 | Local Epoch : 5/5 |  Train_Loss: 0.015 | Train_Acc: 99.525
| Client id:1 | Test_Loss: 0.331 | Test_Acc: 92.042
| Global Round : 16/30 | Client id:1 | Local Epoch : 1/5 |  Train_Loss: 0.072 | Train_Acc: 97.355
| Global Round : 16/30 | Client id:1 | Local Epoch : 2/5 |  Train_Loss: 0.039 | Train_Acc: 98.725
| Global Round : 16/30 | Client id:1 | Local Epoch : 3/5 |  Train_Loss: 0.024 | Train_Acc: 99.230
| Global Round : 16/30 | Client id:1 | Local Epoch : 4/5 |  Train_Loss: 0.017 | Train_Acc: 99.565
| Global Round : 16/30 | Client id:1 | Local Epoch : 5/5 |  Train_Loss: 0.017 | Train_Acc: 99.430
| Client id:2 | Test_Loss: 0.332 | Test_Acc: 91.796
| Global Round : 16/30 | Client id:2 | Local Epoch : 1/5 |  Train_Loss: 0.064 | Train_Acc: 97.755
| Global Round : 16/30 | Client id:2 | Local Epoch : 2/5 |  Train_Loss: 0.049 | Train_Acc: 98.175
| Global Round : 16/30 | Client id:2 | Local Epoch : 3/5 |  Train_Loss: 0.031 | Train_Acc: 98.990
| Global Round : 16/30 | Client id:2 | Local Epoch : 4/5 |  Train_Loss: 0.025 | Train_Acc: 99.165
| Global Round : 16/30 | Client id:2 | Local Epoch : 5/5 |  Train_Loss: 0.019 | Train_Acc: 99.440
aggregating weights...
| Client id:0 | Test_Loss: 0.346 | Test_Acc: 91.922
| Global Round : 17/30 | Client id:0 | Local Epoch : 1/5 |  Train_Loss: 0.065 | Train_Acc: 97.575
| Global Round : 17/30 | Client id:0 | Local Epoch : 2/5 |  Train_Loss: 0.038 | Train_Acc: 98.790
| Global Round : 17/30 | Client id:0 | Local Epoch : 3/5 |  Train_Loss: 0.024 | Train_Acc: 99.375
| Global Round : 17/30 | Client id:0 | Local Epoch : 4/5 |  Train_Loss: 0.019 | Train_Acc: 99.390
| Global Round : 17/30 | Client id:0 | Local Epoch : 5/5 |  Train_Loss: 0.016 | Train_Acc: 99.550
| Client id:1 | Test_Loss: 0.322 | Test_Acc: 91.922
| Global Round : 17/30 | Client id:1 | Local Epoch : 1/5 |  Train_Loss: 0.060 | Train_Acc: 97.800
| Global Round : 17/30 | Client id:1 | Local Epoch : 2/5 |  Train_Loss: 0.042 | Train_Acc: 98.635
| Global Round : 17/30 | Client id:1 | Local Epoch : 3/5 |  Train_Loss: 0.033 | Train_Acc: 98.955
| Global Round : 17/30 | Client id:1 | Local Epoch : 4/5 |  Train_Loss: 0.024 | Train_Acc: 99.285
| Global Round : 17/30 | Client id:1 | Local Epoch : 5/5 |  Train_Loss: 0.015 | Train_Acc: 99.600
| Client id:2 | Test_Loss: 0.324 | Test_Acc: 91.737
| Global Round : 17/30 | Client id:2 | Local Epoch : 1/5 |  Train_Loss: 0.059 | Train_Acc: 97.840
| Global Round : 17/30 | Client id:2 | Local Epoch : 2/5 |  Train_Loss: 0.043 | Train_Acc: 98.445
| Global Round : 17/30 | Client id:2 | Local Epoch : 3/5 |  Train_Loss: 0.034 | Train_Acc: 98.870
| Global Round : 17/30 | Client id:2 | Local Epoch : 4/5 |  Train_Loss: 0.023 | Train_Acc: 99.310
| Global Round : 17/30 | Client id:2 | Local Epoch : 5/5 |  Train_Loss: 0.012 | Train_Acc: 99.705
aggregating weights...
| Client id:0 | Test_Loss: 0.351 | Test_Acc: 91.862
| Global Round : 18/30 | Client id:0 | Local Epoch : 1/5 |  Train_Loss: 0.065 | Train_Acc: 97.655
| Global Round : 18/30 | Client id:0 | Local Epoch : 2/5 |  Train_Loss: 0.046 | Train_Acc: 98.450
| Global Round : 18/30 | Client id:0 | Local Epoch : 3/5 |  Train_Loss: 0.034 | Train_Acc: 98.845
| Global Round : 18/30 | Client id:0 | Local Epoch : 4/5 |  Train_Loss: 0.022 | Train_Acc: 99.360
| Global Round : 18/30 | Client id:0 | Local Epoch : 5/5 |  Train_Loss: 0.020 | Train_Acc: 99.410
| Client id:1 | Test_Loss: 0.336 | Test_Acc: 92.192
| Global Round : 18/30 | Client id:1 | Local Epoch : 1/5 |  Train_Loss: 0.059 | Train_Acc: 97.940
| Global Round : 18/30 | Client id:1 | Local Epoch : 2/5 |  Train_Loss: 0.041 | Train_Acc: 98.645
| Global Round : 18/30 | Client id:1 | Local Epoch : 3/5 |  Train_Loss: 0.025 | Train_Acc: 99.170
| Global Round : 18/30 | Client id:1 | Local Epoch : 4/5 |  Train_Loss: 0.018 | Train_Acc: 99.440
| Global Round : 18/30 | Client id:1 | Local Epoch : 5/5 |  Train_Loss: 0.011 | Train_Acc: 99.730
| Client id:2 | Test_Loss: 0.336 | Test_Acc: 91.886
| Global Round : 18/30 | Client id:2 | Local Epoch : 1/5 |  Train_Loss: 0.059 | Train_Acc: 97.830
| Global Round : 18/30 | Client id:2 | Local Epoch : 2/5 |  Train_Loss: 0.042 | Train_Acc: 98.575
| Global Round : 18/30 | Client id:2 | Local Epoch : 3/5 |  Train_Loss: 0.023 | Train_Acc: 99.350
| Global Round : 18/30 | Client id:2 | Local Epoch : 4/5 |  Train_Loss: 0.013 | Train_Acc: 99.670
| Global Round : 18/30 | Client id:2 | Local Epoch : 5/5 |  Train_Loss: 0.013 | Train_Acc: 99.655
aggregating weights...
| Client id:0 | Test_Loss: 0.344 | Test_Acc: 91.712
| Global Round : 19/30 | Client id:0 | Local Epoch : 1/5 |  Train_Loss: 0.055 | Train_Acc: 98.100
| Global Round : 19/30 | Client id:0 | Local Epoch : 2/5 |  Train_Loss: 0.032 | Train_Acc: 99.045
| Global Round : 19/30 | Client id:0 | Local Epoch : 3/5 |  Train_Loss: 0.032 | Train_Acc: 98.940
| Global Round : 19/30 | Client id:0 | Local Epoch : 4/5 |  Train_Loss: 0.024 | Train_Acc: 99.290
| Global Round : 19/30 | Client id:0 | Local Epoch : 5/5 |  Train_Loss: 0.010 | Train_Acc: 99.745
| Client id:1 | Test_Loss: 0.319 | Test_Acc: 91.802
| Global Round : 19/30 | Client id:1 | Local Epoch : 1/5 |  Train_Loss: 0.062 | Train_Acc: 97.915
| Global Round : 19/30 | Client id:1 | Local Epoch : 2/5 |  Train_Loss: 0.046 | Train_Acc: 98.480
| Global Round : 19/30 | Client id:1 | Local Epoch : 3/5 |  Train_Loss: 0.020 | Train_Acc: 99.410
| Global Round : 19/30 | Client id:1 | Local Epoch : 4/5 |  Train_Loss: 0.017 | Train_Acc: 99.495
| Global Round : 19/30 | Client id:1 | Local Epoch : 5/5 |  Train_Loss: 0.019 | Train_Acc: 99.430
| Client id:2 | Test_Loss: 0.315 | Test_Acc: 91.916
| Global Round : 19/30 | Client id:2 | Local Epoch : 1/5 |  Train_Loss: 0.062 | Train_Acc: 97.800
| Global Round : 19/30 | Client id:2 | Local Epoch : 2/5 |  Train_Loss: 0.042 | Train_Acc: 98.610
| Global Round : 19/30 | Client id:2 | Local Epoch : 3/5 |  Train_Loss: 0.026 | Train_Acc: 99.135
| Global Round : 19/30 | Client id:2 | Local Epoch : 4/5 |  Train_Loss: 0.017 | Train_Acc: 99.515
| Global Round : 19/30 | Client id:2 | Local Epoch : 5/5 |  Train_Loss: 0.013 | Train_Acc: 99.710
aggregating weights...
| Client id:0 | Test_Loss: 0.347 | Test_Acc: 91.892
| Global Round : 20/30 | Client id:0 | Local Epoch : 1/5 |  Train_Loss: 0.058 | Train_Acc: 97.820
| Global Round : 20/30 | Client id:0 | Local Epoch : 2/5 |  Train_Loss: 0.044 | Train_Acc: 98.615
| Global Round : 20/30 | Client id:0 | Local Epoch : 3/5 |  Train_Loss: 0.034 | Train_Acc: 99.035
| Global Round : 20/30 | Client id:0 | Local Epoch : 4/5 |  Train_Loss: 0.018 | Train_Acc: 99.485
| Global Round : 20/30 | Client id:0 | Local Epoch : 5/5 |  Train_Loss: 0.011 | Train_Acc: 99.730
| Client id:1 | Test_Loss: 0.330 | Test_Acc: 92.132
| Global Round : 20/30 | Client id:1 | Local Epoch : 1/5 |  Train_Loss: 0.049 | Train_Acc: 98.425
| Global Round : 20/30 | Client id:1 | Local Epoch : 2/5 |  Train_Loss: 0.037 | Train_Acc: 98.765
| Global Round : 20/30 | Client id:1 | Local Epoch : 3/5 |  Train_Loss: 0.028 | Train_Acc: 99.175
| Global Round : 20/30 | Client id:1 | Local Epoch : 4/5 |  Train_Loss: 0.021 | Train_Acc: 99.425
| Global Round : 20/30 | Client id:1 | Local Epoch : 5/5 |  Train_Loss: 0.014 | Train_Acc: 99.630
| Client id:2 | Test_Loss: 0.322 | Test_Acc: 92.036
| Global Round : 20/30 | Client id:2 | Local Epoch : 1/5 |  Train_Loss: 0.062 | Train_Acc: 97.795
| Global Round : 20/30 | Client id:2 | Local Epoch : 2/5 |  Train_Loss: 0.043 | Train_Acc: 98.555
| Global Round : 20/30 | Client id:2 | Local Epoch : 3/5 |  Train_Loss: 0.027 | Train_Acc: 99.140
| Global Round : 20/30 | Client id:2 | Local Epoch : 4/5 |  Train_Loss: 0.024 | Train_Acc: 99.230
| Global Round : 20/30 | Client id:2 | Local Epoch : 5/5 |  Train_Loss: 0.017 | Train_Acc: 99.525
aggregating weights...
| Client id:0 | Test_Loss: 0.332 | Test_Acc: 92.042
| Global Round : 21/30 | Client id:0 | Local Epoch : 1/5 |  Train_Loss: 0.061 | Train_Acc: 97.895
| Global Round : 21/30 | Client id:0 | Local Epoch : 2/5 |  Train_Loss: 0.038 | Train_Acc: 98.795
| Global Round : 21/30 | Client id:0 | Local Epoch : 3/5 |  Train_Loss: 0.024 | Train_Acc: 99.290
| Global Round : 21/30 | Client id:0 | Local Epoch : 4/5 |  Train_Loss: 0.011 | Train_Acc: 99.750
| Global Round : 21/30 | Client id:0 | Local Epoch : 5/5 |  Train_Loss: 0.020 | Train_Acc: 99.380
| Client id:1 | Test_Loss: 0.319 | Test_Acc: 91.742
| Global Round : 21/30 | Client id:1 | Local Epoch : 1/5 |  Train_Loss: 0.054 | Train_Acc: 98.215
| Global Round : 21/30 | Client id:1 | Local Epoch : 2/5 |  Train_Loss: 0.041 | Train_Acc: 98.575
| Global Round : 21/30 | Client id:1 | Local Epoch : 3/5 |  Train_Loss: 0.027 | Train_Acc: 99.190
| Global Round : 21/30 | Client id:1 | Local Epoch : 4/5 |  Train_Loss: 0.023 | Train_Acc: 99.300
| Global Round : 21/30 | Client id:1 | Local Epoch : 5/5 |  Train_Loss: 0.018 | Train_Acc: 99.470
| Client id:2 | Test_Loss: 0.321 | Test_Acc: 91.796
| Global Round : 21/30 | Client id:2 | Local Epoch : 1/5 |  Train_Loss: 0.054 | Train_Acc: 98.190
| Global Round : 21/30 | Client id:2 | Local Epoch : 2/5 |  Train_Loss: 0.040 | Train_Acc: 98.555
| Global Round : 21/30 | Client id:2 | Local Epoch : 3/5 |  Train_Loss: 0.029 | Train_Acc: 99.100
| Global Round : 21/30 | Client id:2 | Local Epoch : 4/5 |  Train_Loss: 0.021 | Train_Acc: 99.335
| Global Round : 21/30 | Client id:2 | Local Epoch : 5/5 |  Train_Loss: 0.012 | Train_Acc: 99.640
aggregating weights...
| Client id:0 | Test_Loss: 0.358 | Test_Acc: 91.441
| Global Round : 22/30 | Client id:0 | Local Epoch : 1/5 |  Train_Loss: 0.054 | Train_Acc: 98.055
| Global Round : 22/30 | Client id:0 | Local Epoch : 2/5 |  Train_Loss: 0.041 | Train_Acc: 98.710
| Global Round : 22/30 | Client id:0 | Local Epoch : 3/5 |  Train_Loss: 0.030 | Train_Acc: 98.990
| Global Round : 22/30 | Client id:0 | Local Epoch : 4/5 |  Train_Loss: 0.014 | Train_Acc: 99.585
| Global Round : 22/30 | Client id:0 | Local Epoch : 5/5 |  Train_Loss: 0.014 | Train_Acc: 99.615
| Client id:1 | Test_Loss: 0.331 | Test_Acc: 91.802
| Global Round : 22/30 | Client id:1 | Local Epoch : 1/5 |  Train_Loss: 0.058 | Train_Acc: 97.885
| Global Round : 22/30 | Client id:1 | Local Epoch : 2/5 |  Train_Loss: 0.037 | Train_Acc: 98.790
| Global Round : 22/30 | Client id:1 | Local Epoch : 3/5 |  Train_Loss: 0.028 | Train_Acc: 99.035
| Global Round : 22/30 | Client id:1 | Local Epoch : 4/5 |  Train_Loss: 0.021 | Train_Acc: 99.425
| Global Round : 22/30 | Client id:1 | Local Epoch : 5/5 |  Train_Loss: 0.013 | Train_Acc: 99.660
| Client id:2 | Test_Loss: 0.329 | Test_Acc: 91.766
| Global Round : 22/30 | Client id:2 | Local Epoch : 1/5 |  Train_Loss: 0.052 | Train_Acc: 98.215
| Global Round : 22/30 | Client id:2 | Local Epoch : 2/5 |  Train_Loss: 0.036 | Train_Acc: 98.835
| Global Round : 22/30 | Client id:2 | Local Epoch : 3/5 |  Train_Loss: 0.031 | Train_Acc: 99.000
| Global Round : 22/30 | Client id:2 | Local Epoch : 4/5 |  Train_Loss: 0.023 | Train_Acc: 99.295
| Global Round : 22/30 | Client id:2 | Local Epoch : 5/5 |  Train_Loss: 0.012 | Train_Acc: 99.715
aggregating weights...
| Client id:0 | Test_Loss: 0.375 | Test_Acc: 91.772
| Global Round : 23/30 | Client id:0 | Local Epoch : 1/5 |  Train_Loss: 0.056 | Train_Acc: 98.130
| Global Round : 23/30 | Client id:0 | Local Epoch : 2/5 |  Train_Loss: 0.037 | Train_Acc: 98.785
| Global Round : 23/30 | Client id:0 | Local Epoch : 3/5 |  Train_Loss: 0.027 | Train_Acc: 99.170
| Global Round : 23/30 | Client id:0 | Local Epoch : 4/5 |  Train_Loss: 0.022 | Train_Acc: 99.390
| Global Round : 23/30 | Client id:0 | Local Epoch : 5/5 |  Train_Loss: 0.019 | Train_Acc: 99.470
| Client id:1 | Test_Loss: 0.324 | Test_Acc: 91.982
| Global Round : 23/30 | Client id:1 | Local Epoch : 1/5 |  Train_Loss: 0.051 | Train_Acc: 98.285
| Global Round : 23/30 | Client id:1 | Local Epoch : 2/5 |  Train_Loss: 0.040 | Train_Acc: 98.715
| Global Round : 23/30 | Client id:1 | Local Epoch : 3/5 |  Train_Loss: 0.027 | Train_Acc: 99.225
| Global Round : 23/30 | Client id:1 | Local Epoch : 4/5 |  Train_Loss: 0.021 | Train_Acc: 99.375
| Global Round : 23/30 | Client id:1 | Local Epoch : 5/5 |  Train_Loss: 0.013 | Train_Acc: 99.660
| Client id:2 | Test_Loss: 0.315 | Test_Acc: 91.407
| Global Round : 23/30 | Client id:2 | Local Epoch : 1/5 |  Train_Loss: 0.052 | Train_Acc: 98.155
| Global Round : 23/30 | Client id:2 | Local Epoch : 2/5 |  Train_Loss: 0.037 | Train_Acc: 98.670
| Global Round : 23/30 | Client id:2 | Local Epoch : 3/5 |  Train_Loss: 0.030 | Train_Acc: 99.005
| Global Round : 23/30 | Client id:2 | Local Epoch : 4/5 |  Train_Loss: 0.020 | Train_Acc: 99.415
| Global Round : 23/30 | Client id:2 | Local Epoch : 5/5 |  Train_Loss: 0.012 | Train_Acc: 99.680
aggregating weights...
| Client id:0 | Test_Loss: 0.341 | Test_Acc: 91.381
| Global Round : 24/30 | Client id:0 | Local Epoch : 1/5 |  Train_Loss: 0.051 | Train_Acc: 98.335
| Global Round : 24/30 | Client id:0 | Local Epoch : 2/5 |  Train_Loss: 0.034 | Train_Acc: 98.925
| Global Round : 24/30 | Client id:0 | Local Epoch : 3/5 |  Train_Loss: 0.031 | Train_Acc: 99.050
| Global Round : 24/30 | Client id:0 | Local Epoch : 4/5 |  Train_Loss: 0.018 | Train_Acc: 99.485
| Global Round : 24/30 | Client id:0 | Local Epoch : 5/5 |  Train_Loss: 0.012 | Train_Acc: 99.675
| Client id:1 | Test_Loss: 0.325 | Test_Acc: 91.592
| Global Round : 24/30 | Client id:1 | Local Epoch : 1/5 |  Train_Loss: 0.054 | Train_Acc: 98.020
| Global Round : 24/30 | Client id:1 | Local Epoch : 2/5 |  Train_Loss: 0.042 | Train_Acc: 98.625
| Global Round : 24/30 | Client id:1 | Local Epoch : 3/5 |  Train_Loss: 0.025 | Train_Acc: 99.285
| Global Round : 24/30 | Client id:1 | Local Epoch : 4/5 |  Train_Loss: 0.010 | Train_Acc: 99.790
| Global Round : 24/30 | Client id:1 | Local Epoch : 5/5 |  Train_Loss: 0.009 | Train_Acc: 99.805
| Client id:2 | Test_Loss: 0.325 | Test_Acc: 91.467
| Global Round : 24/30 | Client id:2 | Local Epoch : 1/5 |  Train_Loss: 0.053 | Train_Acc: 98.105
| Global Round : 24/30 | Client id:2 | Local Epoch : 2/5 |  Train_Loss: 0.039 | Train_Acc: 98.775
| Global Round : 24/30 | Client id:2 | Local Epoch : 3/5 |  Train_Loss: 0.025 | Train_Acc: 99.195
| Global Round : 24/30 | Client id:2 | Local Epoch : 4/5 |  Train_Loss: 0.016 | Train_Acc: 99.575
| Global Round : 24/30 | Client id:2 | Local Epoch : 5/5 |  Train_Loss: 0.012 | Train_Acc: 99.700
aggregating weights...
| Client id:0 | Test_Loss: 0.347 | Test_Acc: 91.712
| Global Round : 25/30 | Client id:0 | Local Epoch : 1/5 |  Train_Loss: 0.053 | Train_Acc: 98.115
| Global Round : 25/30 | Client id:0 | Local Epoch : 2/5 |  Train_Loss: 0.038 | Train_Acc: 98.800
| Global Round : 25/30 | Client id:0 | Local Epoch : 3/5 |  Train_Loss: 0.026 | Train_Acc: 99.140
| Global Round : 25/30 | Client id:0 | Local Epoch : 4/5 |  Train_Loss: 0.019 | Train_Acc: 99.500
| Global Round : 25/30 | Client id:0 | Local Epoch : 5/5 |  Train_Loss: 0.013 | Train_Acc: 99.660
| Client id:1 | Test_Loss: 0.350 | Test_Acc: 92.012
| Global Round : 25/30 | Client id:1 | Local Epoch : 1/5 |  Train_Loss: 0.050 | Train_Acc: 98.260
| Global Round : 25/30 | Client id:1 | Local Epoch : 2/5 |  Train_Loss: 0.033 | Train_Acc: 98.940
| Global Round : 25/30 | Client id:1 | Local Epoch : 3/5 |  Train_Loss: 0.018 | Train_Acc: 99.490
| Global Round : 25/30 | Client id:1 | Local Epoch : 4/5 |  Train_Loss: 0.015 | Train_Acc: 99.555
| Global Round : 25/30 | Client id:1 | Local Epoch : 5/5 |  Train_Loss: 0.016 | Train_Acc: 99.530
| Client id:2 | Test_Loss: 0.336 | Test_Acc: 91.856
| Global Round : 25/30 | Client id:2 | Local Epoch : 1/5 |  Train_Loss: 0.051 | Train_Acc: 98.245
| Global Round : 25/30 | Client id:2 | Local Epoch : 2/5 |  Train_Loss: 0.040 | Train_Acc: 98.635
| Global Round : 25/30 | Client id:2 | Local Epoch : 3/5 |  Train_Loss: 0.025 | Train_Acc: 99.215
| Global Round : 25/30 | Client id:2 | Local Epoch : 4/5 |  Train_Loss: 0.015 | Train_Acc: 99.590
| Global Round : 25/30 | Client id:2 | Local Epoch : 5/5 |  Train_Loss: 0.007 | Train_Acc: 99.835
aggregating weights...
| Client id:0 | Test_Loss: 0.345 | Test_Acc: 91.712
| Global Round : 26/30 | Client id:0 | Local Epoch : 1/5 |  Train_Loss: 0.049 | Train_Acc: 98.320
| Global Round : 26/30 | Client id:0 | Local Epoch : 2/5 |  Train_Loss: 0.035 | Train_Acc: 98.880
| Global Round : 26/30 | Client id:0 | Local Epoch : 3/5 |  Train_Loss: 0.027 | Train_Acc: 99.210
| Global Round : 26/30 | Client id:0 | Local Epoch : 4/5 |  Train_Loss: 0.020 | Train_Acc: 99.420
| Global Round : 26/30 | Client id:0 | Local Epoch : 5/5 |  Train_Loss: 0.012 | Train_Acc: 99.720
| Client id:1 | Test_Loss: 0.328 | Test_Acc: 91.291
| Global Round : 26/30 | Client id:1 | Local Epoch : 1/5 |  Train_Loss: 0.054 | Train_Acc: 98.185
| Global Round : 26/30 | Client id:1 | Local Epoch : 2/5 |  Train_Loss: 0.036 | Train_Acc: 98.790
| Global Round : 26/30 | Client id:1 | Local Epoch : 3/5 |  Train_Loss: 0.027 | Train_Acc: 99.160
| Global Round : 26/30 | Client id:1 | Local Epoch : 4/5 |  Train_Loss: 0.020 | Train_Acc: 99.390
| Global Round : 26/30 | Client id:1 | Local Epoch : 5/5 |  Train_Loss: 0.011 | Train_Acc: 99.720
| Client id:2 | Test_Loss: 0.319 | Test_Acc: 91.407
| Global Round : 26/30 | Client id:2 | Local Epoch : 1/5 |  Train_Loss: 0.050 | Train_Acc: 98.380
| Global Round : 26/30 | Client id:2 | Local Epoch : 2/5 |  Train_Loss: 0.039 | Train_Acc: 98.735
| Global Round : 26/30 | Client id:2 | Local Epoch : 3/5 |  Train_Loss: 0.029 | Train_Acc: 99.050
| Global Round : 26/30 | Client id:2 | Local Epoch : 4/5 |  Train_Loss: 0.018 | Train_Acc: 99.450
| Global Round : 26/30 | Client id:2 | Local Epoch : 5/5 |  Train_Loss: 0.009 | Train_Acc: 99.800
aggregating weights...
| Client id:0 | Test_Loss: 0.372 | Test_Acc: 91.171
| Global Round : 27/30 | Client id:0 | Local Epoch : 1/5 |  Train_Loss: 0.047 | Train_Acc: 98.475
| Global Round : 27/30 | Client id:0 | Local Epoch : 2/5 |  Train_Loss: 0.040 | Train_Acc: 98.705
| Global Round : 27/30 | Client id:0 | Local Epoch : 3/5 |  Train_Loss: 0.032 | Train_Acc: 98.980
| Global Round : 27/30 | Client id:0 | Local Epoch : 4/5 |  Train_Loss: 0.021 | Train_Acc: 99.465
| Global Round : 27/30 | Client id:0 | Local Epoch : 5/5 |  Train_Loss: 0.007 | Train_Acc: 99.855
| Client id:1 | Test_Loss: 0.333 | Test_Acc: 92.042
| Global Round : 27/30 | Client id:1 | Local Epoch : 1/5 |  Train_Loss: 0.048 | Train_Acc: 98.225
| Global Round : 27/30 | Client id:1 | Local Epoch : 2/5 |  Train_Loss: 0.045 | Train_Acc: 98.525
| Global Round : 27/30 | Client id:1 | Local Epoch : 3/5 |  Train_Loss: 0.030 | Train_Acc: 99.040
| Global Round : 27/30 | Client id:1 | Local Epoch : 4/5 |  Train_Loss: 0.019 | Train_Acc: 99.430
| Global Round : 27/30 | Client id:1 | Local Epoch : 5/5 |  Train_Loss: 0.011 | Train_Acc: 99.725
| Client id:2 | Test_Loss: 0.333 | Test_Acc: 91.916
| Global Round : 27/30 | Client id:2 | Local Epoch : 1/5 |  Train_Loss: 0.054 | Train_Acc: 98.070
| Global Round : 27/30 | Client id:2 | Local Epoch : 2/5 |  Train_Loss: 0.038 | Train_Acc: 98.690
| Global Round : 27/30 | Client id:2 | Local Epoch : 3/5 |  Train_Loss: 0.022 | Train_Acc: 99.340
| Global Round : 27/30 | Client id:2 | Local Epoch : 4/5 |  Train_Loss: 0.017 | Train_Acc: 99.495
| Global Round : 27/30 | Client id:2 | Local Epoch : 5/5 |  Train_Loss: 0.013 | Train_Acc: 99.650
aggregating weights...
| Client id:0 | Test_Loss: 0.346 | Test_Acc: 91.652
| Global Round : 28/30 | Client id:0 | Local Epoch : 1/5 |  Train_Loss: 0.052 | Train_Acc: 98.165
| Global Round : 28/30 | Client id:0 | Local Epoch : 2/5 |  Train_Loss: 0.032 | Train_Acc: 98.970
| Global Round : 28/30 | Client id:0 | Local Epoch : 3/5 |  Train_Loss: 0.022 | Train_Acc: 99.335
| Global Round : 28/30 | Client id:0 | Local Epoch : 4/5 |  Train_Loss: 0.013 | Train_Acc: 99.675
| Global Round : 28/30 | Client id:0 | Local Epoch : 5/5 |  Train_Loss: 0.007 | Train_Acc: 99.860
| Client id:1 | Test_Loss: 0.319 | Test_Acc: 92.132
| Global Round : 28/30 | Client id:1 | Local Epoch : 1/5 |  Train_Loss: 0.051 | Train_Acc: 98.245
| Global Round : 28/30 | Client id:1 | Local Epoch : 2/5 |  Train_Loss: 0.038 | Train_Acc: 98.710
| Global Round : 28/30 | Client id:1 | Local Epoch : 3/5 |  Train_Loss: 0.026 | Train_Acc: 99.165
| Global Round : 28/30 | Client id:1 | Local Epoch : 4/5 |  Train_Loss: 0.015 | Train_Acc: 99.590
| Global Round : 28/30 | Client id:1 | Local Epoch : 5/5 |  Train_Loss: 0.006 | Train_Acc: 99.915
| Client id:2 | Test_Loss: 0.329 | Test_Acc: 91.557
| Global Round : 28/30 | Client id:2 | Local Epoch : 1/5 |  Train_Loss: 0.048 | Train_Acc: 98.340
| Global Round : 28/30 | Client id:2 | Local Epoch : 2/5 |  Train_Loss: 0.040 | Train_Acc: 98.560
| Global Round : 28/30 | Client id:2 | Local Epoch : 3/5 |  Train_Loss: 0.030 | Train_Acc: 99.065
| Global Round : 28/30 | Client id:2 | Local Epoch : 4/5 |  Train_Loss: 0.020 | Train_Acc: 99.395
| Global Round : 28/30 | Client id:2 | Local Epoch : 5/5 |  Train_Loss: 0.011 | Train_Acc: 99.775
aggregating weights...
| Client id:0 | Test_Loss: 0.354 | Test_Acc: 91.682
| Global Round : 29/30 | Client id:0 | Local Epoch : 1/5 |  Train_Loss: 0.053 | Train_Acc: 98.155
| Global Round : 29/30 | Client id:0 | Local Epoch : 2/5 |  Train_Loss: 0.044 | Train_Acc: 98.580
| Global Round : 29/30 | Client id:0 | Local Epoch : 3/5 |  Train_Loss: 0.031 | Train_Acc: 98.935
| Global Round : 29/30 | Client id:0 | Local Epoch : 4/5 |  Train_Loss: 0.024 | Train_Acc: 99.275
| Global Round : 29/30 | Client id:0 | Local Epoch : 5/5 |  Train_Loss: 0.013 | Train_Acc: 99.675
| Client id:1 | Test_Loss: 0.337 | Test_Acc: 91.652
| Global Round : 29/30 | Client id:1 | Local Epoch : 1/5 |  Train_Loss: 0.049 | Train_Acc: 98.345
| Global Round : 29/30 | Client id:1 | Local Epoch : 2/5 |  Train_Loss: 0.037 | Train_Acc: 98.790
| Global Round : 29/30 | Client id:1 | Local Epoch : 3/5 |  Train_Loss: 0.024 | Train_Acc: 99.335
| Global Round : 29/30 | Client id:1 | Local Epoch : 4/5 |  Train_Loss: 0.011 | Train_Acc: 99.685
| Global Round : 29/30 | Client id:1 | Local Epoch : 5/5 |  Train_Loss: 0.011 | Train_Acc: 99.705
| Client id:2 | Test_Loss: 0.329 | Test_Acc: 92.126
| Global Round : 29/30 | Client id:2 | Local Epoch : 1/5 |  Train_Loss: 0.049 | Train_Acc: 98.390
| Global Round : 29/30 | Client id:2 | Local Epoch : 2/5 |  Train_Loss: 0.039 | Train_Acc: 98.655
| Global Round : 29/30 | Client id:2 | Local Epoch : 3/5 |  Train_Loss: 0.020 | Train_Acc: 99.455
| Global Round : 29/30 | Client id:2 | Local Epoch : 4/5 |  Train_Loss: 0.023 | Train_Acc: 99.250
| Global Round : 29/30 | Client id:2 | Local Epoch : 5/5 |  Train_Loss: 0.016 | Train_Acc: 99.535
aggregating weights...
| Client id:0 | Test_Loss: 0.347 | Test_Acc: 91.411
| Global Round : 30/30 | Client id:0 | Local Epoch : 1/5 |  Train_Loss: 0.054 | Train_Acc: 98.215
| Global Round : 30/30 | Client id:0 | Local Epoch : 2/5 |  Train_Loss: 0.036 | Train_Acc: 98.795
| Global Round : 30/30 | Client id:0 | Local Epoch : 3/5 |  Train_Loss: 0.022 | Train_Acc: 99.345
| Global Round : 30/30 | Client id:0 | Local Epoch : 4/5 |  Train_Loss: 0.013 | Train_Acc: 99.710
| Global Round : 30/30 | Client id:0 | Local Epoch : 5/5 |  Train_Loss: 0.006 | Train_Acc: 99.910
| Client id:1 | Test_Loss: 0.317 | Test_Acc: 92.102
| Global Round : 30/30 | Client id:1 | Local Epoch : 1/5 |  Train_Loss: 0.048 | Train_Acc: 98.390
| Global Round : 30/30 | Client id:1 | Local Epoch : 2/5 |  Train_Loss: 0.041 | Train_Acc: 98.710
| Global Round : 30/30 | Client id:1 | Local Epoch : 3/5 |  Train_Loss: 0.028 | Train_Acc: 99.125
| Global Round : 30/30 | Client id:1 | Local Epoch : 4/5 |  Train_Loss: 0.019 | Train_Acc: 99.425
| Global Round : 30/30 | Client id:1 | Local Epoch : 5/5 |  Train_Loss: 0.015 | Train_Acc: 99.560
| Client id:2 | Test_Loss: 0.327 | Test_Acc: 91.707
| Global Round : 30/30 | Client id:2 | Local Epoch : 1/5 |  Train_Loss: 0.044 | Train_Acc: 98.515
| Global Round : 30/30 | Client id:2 | Local Epoch : 2/5 |  Train_Loss: 0.033 | Train_Acc: 98.975
| Global Round : 30/30 | Client id:2 | Local Epoch : 3/5 |  Train_Loss: 0.026 | Train_Acc: 99.200
| Global Round : 30/30 | Client id:2 | Local Epoch : 4/5 |  Train_Loss: 0.016 | Train_Acc: 99.590
| Global Round : 30/30 | Client id:2 | Local Epoch : 5/5 |  Train_Loss: 0.018 | Train_Acc: 99.490
aggregating weights...

Final Results
| Client id:0 | Test_Loss: 0.333 | Test_Acc: 91.832
| Client id:1 | Test_Loss: 0.321 | Test_Acc: 91.622
| Client id:2 | Test_Loss: 0.316 | Test_Acc: 91.587
