GPU will be used for training

dataset: fmnist
federated_type: afl
model: cnn
n_clients: 3
global_epochs: 30
local_epochs: 5
batch_size: 32
on_cuda: 0
optimizer: sgd
lr: 0.01
data_dist: from_csv
from_csv: iid
seed: 1
seed_num: 0
drfa_gamma: 0.01
Class distribution of id:0
train [2000, 2000, 2000, 2000, 2000, 2000, 2000, 2000, 2000, 2000]
test [333, 333, 333, 333, 333, 333, 333, 333, 333, 333]
Class distribution of id:1
train [2000, 2000, 2000, 2000, 2000, 2000, 2000, 2000, 2000, 2000]
test [333, 333, 333, 333, 333, 333, 333, 333, 333, 333]
Class distribution of id:2
train [2000, 2000, 2000, 2000, 2000, 2000, 2000, 2000, 2000, 2000]
test [334, 334, 334, 334, 334, 334, 334, 334, 334, 334]
| Client id:0 | Test_Loss: 2.302 | Test_Acc: 9.039
| Global Round : 1/30 | Client id:0 | Local Epoch : 1/5 |  Train_Loss: 0.756 | Train_Acc: 72.875
| Global Round : 1/30 | Client id:0 | Local Epoch : 2/5 |  Train_Loss: 0.431 | Train_Acc: 84.110
| Global Round : 1/30 | Client id:0 | Local Epoch : 3/5 |  Train_Loss: 0.376 | Train_Acc: 86.080
| Global Round : 1/30 | Client id:0 | Local Epoch : 4/5 |  Train_Loss: 0.339 | Train_Acc: 87.350
| Global Round : 1/30 | Client id:0 | Local Epoch : 5/5 |  Train_Loss: 0.310 | Train_Acc: 88.455
| Client id:1 | Test_Loss: 2.303 | Test_Acc: 9.399
| Global Round : 1/30 | Client id:1 | Local Epoch : 1/5 |  Train_Loss: 0.748 | Train_Acc: 72.540
| Global Round : 1/30 | Client id:1 | Local Epoch : 2/5 |  Train_Loss: 0.415 | Train_Acc: 84.460
| Global Round : 1/30 | Client id:1 | Local Epoch : 3/5 |  Train_Loss: 0.356 | Train_Acc: 86.910
| Global Round : 1/30 | Client id:1 | Local Epoch : 4/5 |  Train_Loss: 0.318 | Train_Acc: 88.250
| Global Round : 1/30 | Client id:1 | Local Epoch : 5/5 |  Train_Loss: 0.291 | Train_Acc: 89.100
| Client id:2 | Test_Loss: 2.303 | Test_Acc: 9.132
| Global Round : 1/30 | Client id:2 | Local Epoch : 1/5 |  Train_Loss: 0.725 | Train_Acc: 73.530
| Global Round : 1/30 | Client id:2 | Local Epoch : 2/5 |  Train_Loss: 0.421 | Train_Acc: 84.535
| Global Round : 1/30 | Client id:2 | Local Epoch : 3/5 |  Train_Loss: 0.358 | Train_Acc: 86.830
| Global Round : 1/30 | Client id:2 | Local Epoch : 4/5 |  Train_Loss: 0.319 | Train_Acc: 88.185
| Global Round : 1/30 | Client id:2 | Local Epoch : 5/5 |  Train_Loss: 0.289 | Train_Acc: 89.365
aggregating weights...
lambda: tensor([0.3333, 0.3333, 0.3333])
| Client id:0 | Test_Loss: 0.394 | Test_Acc: 86.396
| Global Round : 2/30 | Client id:0 | Local Epoch : 1/5 |  Train_Loss: 0.329 | Train_Acc: 87.880
| Global Round : 2/30 | Client id:0 | Local Epoch : 2/5 |  Train_Loss: 0.293 | Train_Acc: 89.195
| Global Round : 2/30 | Client id:0 | Local Epoch : 3/5 |  Train_Loss: 0.266 | Train_Acc: 90.140
| Global Round : 2/30 | Client id:0 | Local Epoch : 4/5 |  Train_Loss: 0.244 | Train_Acc: 91.105
| Global Round : 2/30 | Client id:0 | Local Epoch : 5/5 |  Train_Loss: 0.222 | Train_Acc: 91.810
| Client id:1 | Test_Loss: 0.391 | Test_Acc: 86.607
| Global Round : 2/30 | Client id:1 | Local Epoch : 1/5 |  Train_Loss: 0.315 | Train_Acc: 88.200
| Global Round : 2/30 | Client id:1 | Local Epoch : 2/5 |  Train_Loss: 0.277 | Train_Acc: 89.745
| Global Round : 2/30 | Client id:1 | Local Epoch : 3/5 |  Train_Loss: 0.249 | Train_Acc: 90.740
| Global Round : 2/30 | Client id:1 | Local Epoch : 4/5 |  Train_Loss: 0.229 | Train_Acc: 91.220
| Global Round : 2/30 | Client id:1 | Local Epoch : 5/5 |  Train_Loss: 0.208 | Train_Acc: 92.250
| Client id:2 | Test_Loss: 0.399 | Test_Acc: 86.228
| Global Round : 2/30 | Client id:2 | Local Epoch : 1/5 |  Train_Loss: 0.317 | Train_Acc: 88.170
| Global Round : 2/30 | Client id:2 | Local Epoch : 2/5 |  Train_Loss: 0.281 | Train_Acc: 89.455
| Global Round : 2/30 | Client id:2 | Local Epoch : 3/5 |  Train_Loss: 0.252 | Train_Acc: 90.495
| Global Round : 2/30 | Client id:2 | Local Epoch : 4/5 |  Train_Loss: 0.228 | Train_Acc: 91.620
| Global Round : 2/30 | Client id:2 | Local Epoch : 5/5 |  Train_Loss: 0.205 | Train_Acc: 92.470
aggregating weights...
lambda: tensor([0.3333, 0.3333, 0.3334])
| Client id:0 | Test_Loss: 0.284 | Test_Acc: 89.820
| Global Round : 3/30 | Client id:0 | Local Epoch : 1/5 |  Train_Loss: 0.254 | Train_Acc: 90.560
| Global Round : 3/30 | Client id:0 | Local Epoch : 2/5 |  Train_Loss: 0.221 | Train_Acc: 91.790
| Global Round : 3/30 | Client id:0 | Local Epoch : 3/5 |  Train_Loss: 0.200 | Train_Acc: 92.695
| Global Round : 3/30 | Client id:0 | Local Epoch : 4/5 |  Train_Loss: 0.178 | Train_Acc: 93.485
| Global Round : 3/30 | Client id:0 | Local Epoch : 5/5 |  Train_Loss: 0.157 | Train_Acc: 94.160
| Client id:1 | Test_Loss: 0.270 | Test_Acc: 90.120
| Global Round : 3/30 | Client id:1 | Local Epoch : 1/5 |  Train_Loss: 0.240 | Train_Acc: 90.915
| Global Round : 3/30 | Client id:1 | Local Epoch : 2/5 |  Train_Loss: 0.214 | Train_Acc: 91.950
| Global Round : 3/30 | Client id:1 | Local Epoch : 3/5 |  Train_Loss: 0.186 | Train_Acc: 92.915
| Global Round : 3/30 | Client id:1 | Local Epoch : 4/5 |  Train_Loss: 0.170 | Train_Acc: 93.400
| Global Round : 3/30 | Client id:1 | Local Epoch : 5/5 |  Train_Loss: 0.155 | Train_Acc: 94.155
| Client id:2 | Test_Loss: 0.273 | Test_Acc: 90.000
| Global Round : 3/30 | Client id:2 | Local Epoch : 1/5 |  Train_Loss: 0.240 | Train_Acc: 91.035
| Global Round : 3/30 | Client id:2 | Local Epoch : 2/5 |  Train_Loss: 0.209 | Train_Acc: 92.250
| Global Round : 3/30 | Client id:2 | Local Epoch : 3/5 |  Train_Loss: 0.183 | Train_Acc: 93.185
| Global Round : 3/30 | Client id:2 | Local Epoch : 4/5 |  Train_Loss: 0.161 | Train_Acc: 94.240
| Global Round : 3/30 | Client id:2 | Local Epoch : 5/5 |  Train_Loss: 0.148 | Train_Acc: 94.415
aggregating weights...
lambda: tensor([0.3334, 0.3332, 0.3334])
| Client id:0 | Test_Loss: 0.270 | Test_Acc: 90.751
| Global Round : 4/30 | Client id:0 | Local Epoch : 1/5 |  Train_Loss: 0.212 | Train_Acc: 92.240
| Global Round : 4/30 | Client id:0 | Local Epoch : 2/5 |  Train_Loss: 0.170 | Train_Acc: 93.870
| Global Round : 4/30 | Client id:0 | Local Epoch : 3/5 |  Train_Loss: 0.150 | Train_Acc: 94.460
| Global Round : 4/30 | Client id:0 | Local Epoch : 4/5 |  Train_Loss: 0.128 | Train_Acc: 95.380
| Global Round : 4/30 | Client id:0 | Local Epoch : 5/5 |  Train_Loss: 0.108 | Train_Acc: 95.985
| Client id:1 | Test_Loss: 0.253 | Test_Acc: 90.991
| Global Round : 4/30 | Client id:1 | Local Epoch : 1/5 |  Train_Loss: 0.203 | Train_Acc: 92.085
| Global Round : 4/30 | Client id:1 | Local Epoch : 2/5 |  Train_Loss: 0.166 | Train_Acc: 93.735
| Global Round : 4/30 | Client id:1 | Local Epoch : 3/5 |  Train_Loss: 0.142 | Train_Acc: 94.610
| Global Round : 4/30 | Client id:1 | Local Epoch : 4/5 |  Train_Loss: 0.118 | Train_Acc: 95.675
| Global Round : 4/30 | Client id:1 | Local Epoch : 5/5 |  Train_Loss: 0.106 | Train_Acc: 96.095
| Client id:2 | Test_Loss: 0.263 | Test_Acc: 90.749
| Global Round : 4/30 | Client id:2 | Local Epoch : 1/5 |  Train_Loss: 0.195 | Train_Acc: 92.735
| Global Round : 4/30 | Client id:2 | Local Epoch : 2/5 |  Train_Loss: 0.163 | Train_Acc: 93.860
| Global Round : 4/30 | Client id:2 | Local Epoch : 3/5 |  Train_Loss: 0.137 | Train_Acc: 94.960
| Global Round : 4/30 | Client id:2 | Local Epoch : 4/5 |  Train_Loss: 0.123 | Train_Acc: 95.470
| Global Round : 4/30 | Client id:2 | Local Epoch : 5/5 |  Train_Loss: 0.103 | Train_Acc: 96.280
aggregating weights...
lambda: tensor([0.3335, 0.3331, 0.3334])
| Client id:0 | Test_Loss: 0.266 | Test_Acc: 91.351
| Global Round : 5/30 | Client id:0 | Local Epoch : 1/5 |  Train_Loss: 0.179 | Train_Acc: 93.505
| Global Round : 5/30 | Client id:0 | Local Epoch : 2/5 |  Train_Loss: 0.133 | Train_Acc: 95.095
| Global Round : 5/30 | Client id:0 | Local Epoch : 3/5 |  Train_Loss: 0.104 | Train_Acc: 96.250
| Global Round : 5/30 | Client id:0 | Local Epoch : 4/5 |  Train_Loss: 0.092 | Train_Acc: 96.725
| Global Round : 5/30 | Client id:0 | Local Epoch : 5/5 |  Train_Loss: 0.079 | Train_Acc: 97.195
| Client id:1 | Test_Loss: 0.253 | Test_Acc: 91.682
| Global Round : 5/30 | Client id:1 | Local Epoch : 1/5 |  Train_Loss: 0.168 | Train_Acc: 93.560
| Global Round : 5/30 | Client id:1 | Local Epoch : 2/5 |  Train_Loss: 0.124 | Train_Acc: 95.505
| Global Round : 5/30 | Client id:1 | Local Epoch : 3/5 |  Train_Loss: 0.105 | Train_Acc: 96.065
| Global Round : 5/30 | Client id:1 | Local Epoch : 4/5 |  Train_Loss: 0.086 | Train_Acc: 96.925
| Global Round : 5/30 | Client id:1 | Local Epoch : 5/5 |  Train_Loss: 0.076 | Train_Acc: 97.135
| Client id:2 | Test_Loss: 0.260 | Test_Acc: 91.168
| Global Round : 5/30 | Client id:2 | Local Epoch : 1/5 |  Train_Loss: 0.172 | Train_Acc: 93.490
| Global Round : 5/30 | Client id:2 | Local Epoch : 2/5 |  Train_Loss: 0.128 | Train_Acc: 95.325
| Global Round : 5/30 | Client id:2 | Local Epoch : 3/5 |  Train_Loss: 0.101 | Train_Acc: 96.305
| Global Round : 5/30 | Client id:2 | Local Epoch : 4/5 |  Train_Loss: 0.089 | Train_Acc: 96.700
| Global Round : 5/30 | Client id:2 | Local Epoch : 5/5 |  Train_Loss: 0.077 | Train_Acc: 97.130
aggregating weights...
lambda: tensor([0.3336, 0.3331, 0.3334])
| Client id:0 | Test_Loss: 0.293 | Test_Acc: 91.411
| Global Round : 6/30 | Client id:0 | Local Epoch : 1/5 |  Train_Loss: 0.149 | Train_Acc: 94.445
| Global Round : 6/30 | Client id:0 | Local Epoch : 2/5 |  Train_Loss: 0.110 | Train_Acc: 95.960
| Global Round : 6/30 | Client id:0 | Local Epoch : 3/5 |  Train_Loss: 0.084 | Train_Acc: 96.990
| Global Round : 6/30 | Client id:0 | Local Epoch : 4/5 |  Train_Loss: 0.066 | Train_Acc: 97.670
| Global Round : 6/30 | Client id:0 | Local Epoch : 5/5 |  Train_Loss: 0.057 | Train_Acc: 97.960
| Client id:1 | Test_Loss: 0.268 | Test_Acc: 91.411
| Global Round : 6/30 | Client id:1 | Local Epoch : 1/5 |  Train_Loss: 0.148 | Train_Acc: 94.200
| Global Round : 6/30 | Client id:1 | Local Epoch : 2/5 |  Train_Loss: 0.103 | Train_Acc: 96.220
| Global Round : 6/30 | Client id:1 | Local Epoch : 3/5 |  Train_Loss: 0.080 | Train_Acc: 97.115
| Global Round : 6/30 | Client id:1 | Local Epoch : 4/5 |  Train_Loss: 0.070 | Train_Acc: 97.490
| Global Round : 6/30 | Client id:1 | Local Epoch : 5/5 |  Train_Loss: 0.060 | Train_Acc: 97.865
| Client id:2 | Test_Loss: 0.268 | Test_Acc: 91.228
| Global Round : 6/30 | Client id:2 | Local Epoch : 1/5 |  Train_Loss: 0.150 | Train_Acc: 94.425
| Global Round : 6/30 | Client id:2 | Local Epoch : 2/5 |  Train_Loss: 0.101 | Train_Acc: 96.135
| Global Round : 6/30 | Client id:2 | Local Epoch : 3/5 |  Train_Loss: 0.086 | Train_Acc: 96.795
| Global Round : 6/30 | Client id:2 | Local Epoch : 4/5 |  Train_Loss: 0.071 | Train_Acc: 97.375
| Global Round : 6/30 | Client id:2 | Local Epoch : 5/5 |  Train_Loss: 0.057 | Train_Acc: 97.925
aggregating weights...
lambda: tensor([0.3337, 0.3330, 0.3333])
| Client id:0 | Test_Loss: 0.320 | Test_Acc: 91.231
| Global Round : 7/30 | Client id:0 | Local Epoch : 1/5 |  Train_Loss: 0.124 | Train_Acc: 95.420
| Global Round : 7/30 | Client id:0 | Local Epoch : 2/5 |  Train_Loss: 0.089 | Train_Acc: 96.755
| Global Round : 7/30 | Client id:0 | Local Epoch : 3/5 |  Train_Loss: 0.060 | Train_Acc: 97.910
| Global Round : 7/30 | Client id:0 | Local Epoch : 4/5 |  Train_Loss: 0.057 | Train_Acc: 98.095
| Global Round : 7/30 | Client id:0 | Local Epoch : 5/5 |  Train_Loss: 0.048 | Train_Acc: 98.345
| Client id:1 | Test_Loss: 0.296 | Test_Acc: 91.171
| Global Round : 7/30 | Client id:1 | Local Epoch : 1/5 |  Train_Loss: 0.128 | Train_Acc: 95.145
| Global Round : 7/30 | Client id:1 | Local Epoch : 2/5 |  Train_Loss: 0.084 | Train_Acc: 96.860
| Global Round : 7/30 | Client id:1 | Local Epoch : 3/5 |  Train_Loss: 0.066 | Train_Acc: 97.715
| Global Round : 7/30 | Client id:1 | Local Epoch : 4/5 |  Train_Loss: 0.054 | Train_Acc: 98.000
| Global Round : 7/30 | Client id:1 | Local Epoch : 5/5 |  Train_Loss: 0.043 | Train_Acc: 98.535
| Client id:2 | Test_Loss: 0.298 | Test_Acc: 90.749
| Global Round : 7/30 | Client id:2 | Local Epoch : 1/5 |  Train_Loss: 0.128 | Train_Acc: 95.040
| Global Round : 7/30 | Client id:2 | Local Epoch : 2/5 |  Train_Loss: 0.086 | Train_Acc: 96.760
| Global Round : 7/30 | Client id:2 | Local Epoch : 3/5 |  Train_Loss: 0.063 | Train_Acc: 97.755
| Global Round : 7/30 | Client id:2 | Local Epoch : 4/5 |  Train_Loss: 0.054 | Train_Acc: 98.095
| Global Round : 7/30 | Client id:2 | Local Epoch : 5/5 |  Train_Loss: 0.042 | Train_Acc: 98.550
aggregating weights...
lambda: tensor([0.3339, 0.3329, 0.3332])
| Client id:0 | Test_Loss: 0.322 | Test_Acc: 91.682
| Global Round : 8/30 | Client id:0 | Local Epoch : 1/5 |  Train_Loss: 0.116 | Train_Acc: 95.740
| Global Round : 8/30 | Client id:0 | Local Epoch : 2/5 |  Train_Loss: 0.074 | Train_Acc: 97.380
| Global Round : 8/30 | Client id:0 | Local Epoch : 3/5 |  Train_Loss: 0.054 | Train_Acc: 98.060
| Global Round : 8/30 | Client id:0 | Local Epoch : 4/5 |  Train_Loss: 0.049 | Train_Acc: 98.290
| Global Round : 8/30 | Client id:0 | Local Epoch : 5/5 |  Train_Loss: 0.035 | Train_Acc: 98.770
| Client id:1 | Test_Loss: 0.303 | Test_Acc: 91.471
| Global Round : 8/30 | Client id:1 | Local Epoch : 1/5 |  Train_Loss: 0.111 | Train_Acc: 95.865
| Global Round : 8/30 | Client id:1 | Local Epoch : 2/5 |  Train_Loss: 0.074 | Train_Acc: 97.260
| Global Round : 8/30 | Client id:1 | Local Epoch : 3/5 |  Train_Loss: 0.053 | Train_Acc: 98.160
| Global Round : 8/30 | Client id:1 | Local Epoch : 4/5 |  Train_Loss: 0.046 | Train_Acc: 98.345
| Global Round : 8/30 | Client id:1 | Local Epoch : 5/5 |  Train_Loss: 0.032 | Train_Acc: 98.920
| Client id:2 | Test_Loss: 0.289 | Test_Acc: 91.886
| Global Round : 8/30 | Client id:2 | Local Epoch : 1/5 |  Train_Loss: 0.116 | Train_Acc: 95.580
| Global Round : 8/30 | Client id:2 | Local Epoch : 2/5 |  Train_Loss: 0.073 | Train_Acc: 97.330
| Global Round : 8/30 | Client id:2 | Local Epoch : 3/5 |  Train_Loss: 0.055 | Train_Acc: 98.040
| Global Round : 8/30 | Client id:2 | Local Epoch : 4/5 |  Train_Loss: 0.045 | Train_Acc: 98.410
| Global Round : 8/30 | Client id:2 | Local Epoch : 5/5 |  Train_Loss: 0.037 | Train_Acc: 98.680
aggregating weights...
lambda: tensor([0.3340, 0.3329, 0.3331])
| Client id:0 | Test_Loss: 0.329 | Test_Acc: 91.712
| Global Round : 9/30 | Client id:0 | Local Epoch : 1/5 |  Train_Loss: 0.104 | Train_Acc: 96.205
| Global Round : 9/30 | Client id:0 | Local Epoch : 2/5 |  Train_Loss: 0.068 | Train_Acc: 97.605
| Global Round : 9/30 | Client id:0 | Local Epoch : 3/5 |  Train_Loss: 0.047 | Train_Acc: 98.400
| Global Round : 9/30 | Client id:0 | Local Epoch : 4/5 |  Train_Loss: 0.038 | Train_Acc: 98.625
| Global Round : 9/30 | Client id:0 | Local Epoch : 5/5 |  Train_Loss: 0.031 | Train_Acc: 98.960
| Client id:1 | Test_Loss: 0.307 | Test_Acc: 91.742
| Global Round : 9/30 | Client id:1 | Local Epoch : 1/5 |  Train_Loss: 0.103 | Train_Acc: 96.155
| Global Round : 9/30 | Client id:1 | Local Epoch : 2/5 |  Train_Loss: 0.060 | Train_Acc: 97.820
| Global Round : 9/30 | Client id:1 | Local Epoch : 3/5 |  Train_Loss: 0.051 | Train_Acc: 98.170
| Global Round : 9/30 | Client id:1 | Local Epoch : 4/5 |  Train_Loss: 0.032 | Train_Acc: 98.995
| Global Round : 9/30 | Client id:1 | Local Epoch : 5/5 |  Train_Loss: 0.025 | Train_Acc: 99.180
| Client id:2 | Test_Loss: 0.297 | Test_Acc: 92.096
| Global Round : 9/30 | Client id:2 | Local Epoch : 1/5 |  Train_Loss: 0.099 | Train_Acc: 96.295
| Global Round : 9/30 | Client id:2 | Local Epoch : 2/5 |  Train_Loss: 0.068 | Train_Acc: 97.545
| Global Round : 9/30 | Client id:2 | Local Epoch : 3/5 |  Train_Loss: 0.047 | Train_Acc: 98.310
| Global Round : 9/30 | Client id:2 | Local Epoch : 4/5 |  Train_Loss: 0.036 | Train_Acc: 98.735
| Global Round : 9/30 | Client id:2 | Local Epoch : 5/5 |  Train_Loss: 0.032 | Train_Acc: 98.955
aggregating weights...
lambda: tensor([0.3342, 0.3329, 0.3329])
| Client id:0 | Test_Loss: 0.346 | Test_Acc: 91.261
| Global Round : 10/30 | Client id:0 | Local Epoch : 1/5 |  Train_Loss: 0.091 | Train_Acc: 96.645
| Global Round : 10/30 | Client id:0 | Local Epoch : 2/5 |  Train_Loss: 0.053 | Train_Acc: 98.130
| Global Round : 10/30 | Client id:0 | Local Epoch : 3/5 |  Train_Loss: 0.043 | Train_Acc: 98.570
| Global Round : 10/30 | Client id:0 | Local Epoch : 4/5 |  Train_Loss: 0.033 | Train_Acc: 98.900
| Global Round : 10/30 | Client id:0 | Local Epoch : 5/5 |  Train_Loss: 0.031 | Train_Acc: 99.025
| Client id:1 | Test_Loss: 0.321 | Test_Acc: 91.742
| Global Round : 10/30 | Client id:1 | Local Epoch : 1/5 |  Train_Loss: 0.093 | Train_Acc: 96.510
| Global Round : 10/30 | Client id:1 | Local Epoch : 2/5 |  Train_Loss: 0.065 | Train_Acc: 97.660
| Global Round : 10/30 | Client id:1 | Local Epoch : 3/5 |  Train_Loss: 0.050 | Train_Acc: 98.155
| Global Round : 10/30 | Client id:1 | Local Epoch : 4/5 |  Train_Loss: 0.032 | Train_Acc: 98.945
| Global Round : 10/30 | Client id:1 | Local Epoch : 5/5 |  Train_Loss: 0.029 | Train_Acc: 99.045
| Client id:2 | Test_Loss: 0.309 | Test_Acc: 91.497
| Global Round : 10/30 | Client id:2 | Local Epoch : 1/5 |  Train_Loss: 0.096 | Train_Acc: 96.505
| Global Round : 10/30 | Client id:2 | Local Epoch : 2/5 |  Train_Loss: 0.062 | Train_Acc: 97.780
| Global Round : 10/30 | Client id:2 | Local Epoch : 3/5 |  Train_Loss: 0.044 | Train_Acc: 98.305
| Global Round : 10/30 | Client id:2 | Local Epoch : 4/5 |  Train_Loss: 0.035 | Train_Acc: 98.750
| Global Round : 10/30 | Client id:2 | Local Epoch : 5/5 |  Train_Loss: 0.025 | Train_Acc: 99.215
aggregating weights...
lambda: tensor([0.3344, 0.3328, 0.3328])
| Client id:0 | Test_Loss: 0.391 | Test_Acc: 91.562
| Global Round : 11/30 | Client id:0 | Local Epoch : 1/5 |  Train_Loss: 0.084 | Train_Acc: 96.845
| Global Round : 11/30 | Client id:0 | Local Epoch : 2/5 |  Train_Loss: 0.055 | Train_Acc: 98.125
| Global Round : 11/30 | Client id:0 | Local Epoch : 3/5 |  Train_Loss: 0.036 | Train_Acc: 98.810
| Global Round : 11/30 | Client id:0 | Local Epoch : 4/5 |  Train_Loss: 0.026 | Train_Acc: 99.185
| Global Round : 11/30 | Client id:0 | Local Epoch : 5/5 |  Train_Loss: 0.028 | Train_Acc: 99.105
| Client id:1 | Test_Loss: 0.312 | Test_Acc: 91.862
| Global Round : 11/30 | Client id:1 | Local Epoch : 1/5 |  Train_Loss: 0.088 | Train_Acc: 96.670
| Global Round : 11/30 | Client id:1 | Local Epoch : 2/5 |  Train_Loss: 0.052 | Train_Acc: 98.050
| Global Round : 11/30 | Client id:1 | Local Epoch : 3/5 |  Train_Loss: 0.045 | Train_Acc: 98.510
| Global Round : 11/30 | Client id:1 | Local Epoch : 4/5 |  Train_Loss: 0.029 | Train_Acc: 98.960
| Global Round : 11/30 | Client id:1 | Local Epoch : 5/5 |  Train_Loss: 0.018 | Train_Acc: 99.465
| Client id:2 | Test_Loss: 0.322 | Test_Acc: 91.497
| Global Round : 11/30 | Client id:2 | Local Epoch : 1/5 |  Train_Loss: 0.085 | Train_Acc: 96.955
| Global Round : 11/30 | Client id:2 | Local Epoch : 2/5 |  Train_Loss: 0.049 | Train_Acc: 98.270
| Global Round : 11/30 | Client id:2 | Local Epoch : 3/5 |  Train_Loss: 0.042 | Train_Acc: 98.500
| Global Round : 11/30 | Client id:2 | Local Epoch : 4/5 |  Train_Loss: 0.032 | Train_Acc: 98.875
| Global Round : 11/30 | Client id:2 | Local Epoch : 5/5 |  Train_Loss: 0.023 | Train_Acc: 99.295
aggregating weights...
lambda: tensor([0.3349, 0.3325, 0.3326])
| Client id:0 | Test_Loss: 0.351 | Test_Acc: 91.592
| Global Round : 12/30 | Client id:0 | Local Epoch : 1/5 |  Train_Loss: 0.085 | Train_Acc: 96.850
| Global Round : 12/30 | Client id:0 | Local Epoch : 2/5 |  Train_Loss: 0.051 | Train_Acc: 98.225
| Global Round : 12/30 | Client id:0 | Local Epoch : 3/5 |  Train_Loss: 0.039 | Train_Acc: 98.640
| Global Round : 12/30 | Client id:0 | Local Epoch : 4/5 |  Train_Loss: 0.030 | Train_Acc: 99.000
| Global Round : 12/30 | Client id:0 | Local Epoch : 5/5 |  Train_Loss: 0.027 | Train_Acc: 99.195
| Client id:1 | Test_Loss: 0.330 | Test_Acc: 91.982
| Global Round : 12/30 | Client id:1 | Local Epoch : 1/5 |  Train_Loss: 0.083 | Train_Acc: 96.905
| Global Round : 12/30 | Client id:1 | Local Epoch : 2/5 |  Train_Loss: 0.048 | Train_Acc: 98.285
| Global Round : 12/30 | Client id:1 | Local Epoch : 3/5 |  Train_Loss: 0.033 | Train_Acc: 98.900
| Global Round : 12/30 | Client id:1 | Local Epoch : 4/5 |  Train_Loss: 0.028 | Train_Acc: 99.045
| Global Round : 12/30 | Client id:1 | Local Epoch : 5/5 |  Train_Loss: 0.020 | Train_Acc: 99.410
| Client id:2 | Test_Loss: 0.320 | Test_Acc: 91.617
| Global Round : 12/30 | Client id:2 | Local Epoch : 1/5 |  Train_Loss: 0.079 | Train_Acc: 97.010
| Global Round : 12/30 | Client id:2 | Local Epoch : 2/5 |  Train_Loss: 0.054 | Train_Acc: 98.070
| Global Round : 12/30 | Client id:2 | Local Epoch : 3/5 |  Train_Loss: 0.040 | Train_Acc: 98.620
| Global Round : 12/30 | Client id:2 | Local Epoch : 4/5 |  Train_Loss: 0.030 | Train_Acc: 98.985
| Global Round : 12/30 | Client id:2 | Local Epoch : 5/5 |  Train_Loss: 0.022 | Train_Acc: 99.340
aggregating weights...
lambda: tensor([0.3351, 0.3325, 0.3324])
| Client id:0 | Test_Loss: 0.333 | Test_Acc: 91.742
| Global Round : 13/30 | Client id:0 | Local Epoch : 1/5 |  Train_Loss: 0.074 | Train_Acc: 97.415
| Global Round : 13/30 | Client id:0 | Local Epoch : 2/5 |  Train_Loss: 0.043 | Train_Acc: 98.565
| Global Round : 13/30 | Client id:0 | Local Epoch : 3/5 |  Train_Loss: 0.033 | Train_Acc: 98.905
| Global Round : 13/30 | Client id:0 | Local Epoch : 4/5 |  Train_Loss: 0.030 | Train_Acc: 99.020
| Global Round : 13/30 | Client id:0 | Local Epoch : 5/5 |  Train_Loss: 0.022 | Train_Acc: 99.325
| Client id:1 | Test_Loss: 0.314 | Test_Acc: 91.862
| Global Round : 13/30 | Client id:1 | Local Epoch : 1/5 |  Train_Loss: 0.077 | Train_Acc: 97.210
| Global Round : 13/30 | Client id:1 | Local Epoch : 2/5 |  Train_Loss: 0.044 | Train_Acc: 98.545
| Global Round : 13/30 | Client id:1 | Local Epoch : 3/5 |  Train_Loss: 0.032 | Train_Acc: 98.925
| Global Round : 13/30 | Client id:1 | Local Epoch : 4/5 |  Train_Loss: 0.028 | Train_Acc: 99.140
| Global Round : 13/30 | Client id:1 | Local Epoch : 5/5 |  Train_Loss: 0.021 | Train_Acc: 99.375
| Client id:2 | Test_Loss: 0.305 | Test_Acc: 91.766
| Global Round : 13/30 | Client id:2 | Local Epoch : 1/5 |  Train_Loss: 0.072 | Train_Acc: 97.440
| Global Round : 13/30 | Client id:2 | Local Epoch : 2/5 |  Train_Loss: 0.049 | Train_Acc: 98.190
| Global Round : 13/30 | Client id:2 | Local Epoch : 3/5 |  Train_Loss: 0.034 | Train_Acc: 98.860
| Global Round : 13/30 | Client id:2 | Local Epoch : 4/5 |  Train_Loss: 0.026 | Train_Acc: 99.145
| Global Round : 13/30 | Client id:2 | Local Epoch : 5/5 |  Train_Loss: 0.016 | Train_Acc: 99.480
aggregating weights...
lambda: tensor([0.3352, 0.3325, 0.3323])
| Client id:0 | Test_Loss: 0.352 | Test_Acc: 91.862
| Global Round : 14/30 | Client id:0 | Local Epoch : 1/5 |  Train_Loss: 0.065 | Train_Acc: 97.690
| Global Round : 14/30 | Client id:0 | Local Epoch : 2/5 |  Train_Loss: 0.044 | Train_Acc: 98.465
| Global Round : 14/30 | Client id:0 | Local Epoch : 3/5 |  Train_Loss: 0.031 | Train_Acc: 98.945
| Global Round : 14/30 | Client id:0 | Local Epoch : 4/5 |  Train_Loss: 0.019 | Train_Acc: 99.455
| Global Round : 14/30 | Client id:0 | Local Epoch : 5/5 |  Train_Loss: 0.019 | Train_Acc: 99.435
| Client id:1 | Test_Loss: 0.317 | Test_Acc: 91.862
| Global Round : 14/30 | Client id:1 | Local Epoch : 1/5 |  Train_Loss: 0.073 | Train_Acc: 97.235
| Global Round : 14/30 | Client id:1 | Local Epoch : 2/5 |  Train_Loss: 0.048 | Train_Acc: 98.300
| Global Round : 14/30 | Client id:1 | Local Epoch : 3/5 |  Train_Loss: 0.036 | Train_Acc: 98.825
| Global Round : 14/30 | Client id:1 | Local Epoch : 4/5 |  Train_Loss: 0.022 | Train_Acc: 99.340
| Global Round : 14/30 | Client id:1 | Local Epoch : 5/5 |  Train_Loss: 0.018 | Train_Acc: 99.495
| Client id:2 | Test_Loss: 0.344 | Test_Acc: 91.257
| Global Round : 14/30 | Client id:2 | Local Epoch : 1/5 |  Train_Loss: 0.069 | Train_Acc: 97.435
| Global Round : 14/30 | Client id:2 | Local Epoch : 2/5 |  Train_Loss: 0.055 | Train_Acc: 98.035
| Global Round : 14/30 | Client id:2 | Local Epoch : 3/5 |  Train_Loss: 0.031 | Train_Acc: 98.955
| Global Round : 14/30 | Client id:2 | Local Epoch : 4/5 |  Train_Loss: 0.021 | Train_Acc: 99.405
| Global Round : 14/30 | Client id:2 | Local Epoch : 5/5 |  Train_Loss: 0.013 | Train_Acc: 99.695
aggregating weights...
lambda: tensor([0.3354, 0.3323, 0.3324])
| Client id:0 | Test_Loss: 0.368 | Test_Acc: 91.562
| Global Round : 15/30 | Client id:0 | Local Epoch : 1/5 |  Train_Loss: 0.068 | Train_Acc: 97.495
| Global Round : 15/30 | Client id:0 | Local Epoch : 2/5 |  Train_Loss: 0.046 | Train_Acc: 98.425
| Global Round : 15/30 | Client id:0 | Local Epoch : 3/5 |  Train_Loss: 0.036 | Train_Acc: 98.745
| Global Round : 15/30 | Client id:0 | Local Epoch : 4/5 |  Train_Loss: 0.018 | Train_Acc: 99.505
| Global Round : 15/30 | Client id:0 | Local Epoch : 5/5 |  Train_Loss: 0.017 | Train_Acc: 99.485
| Client id:1 | Test_Loss: 0.371 | Test_Acc: 91.622
| Global Round : 15/30 | Client id:1 | Local Epoch : 1/5 |  Train_Loss: 0.066 | Train_Acc: 97.545
| Global Round : 15/30 | Client id:1 | Local Epoch : 2/5 |  Train_Loss: 0.042 | Train_Acc: 98.590
| Global Round : 15/30 | Client id:1 | Local Epoch : 3/5 |  Train_Loss: 0.031 | Train_Acc: 98.905
| Global Round : 15/30 | Client id:1 | Local Epoch : 4/5 |  Train_Loss: 0.020 | Train_Acc: 99.440
| Global Round : 15/30 | Client id:1 | Local Epoch : 5/5 |  Train_Loss: 0.013 | Train_Acc: 99.700
| Client id:2 | Test_Loss: 0.327 | Test_Acc: 91.587
| Global Round : 15/30 | Client id:2 | Local Epoch : 1/5 |  Train_Loss: 0.075 | Train_Acc: 97.435
| Global Round : 15/30 | Client id:2 | Local Epoch : 2/5 |  Train_Loss: 0.042 | Train_Acc: 98.505
| Global Round : 15/30 | Client id:2 | Local Epoch : 3/5 |  Train_Loss: 0.036 | Train_Acc: 98.870
| Global Round : 15/30 | Client id:2 | Local Epoch : 4/5 |  Train_Loss: 0.031 | Train_Acc: 98.905
| Global Round : 15/30 | Client id:2 | Local Epoch : 5/5 |  Train_Loss: 0.022 | Train_Acc: 99.335
aggregating weights...
lambda: tensor([0.3355, 0.3324, 0.3321])
| Client id:0 | Test_Loss: 0.357 | Test_Acc: 91.622
| Global Round : 16/30 | Client id:0 | Local Epoch : 1/5 |  Train_Loss: 0.070 | Train_Acc: 97.555
| Global Round : 16/30 | Client id:0 | Local Epoch : 2/5 |  Train_Loss: 0.041 | Train_Acc: 98.715
| Global Round : 16/30 | Client id:0 | Local Epoch : 3/5 |  Train_Loss: 0.026 | Train_Acc: 99.305
| Global Round : 16/30 | Client id:0 | Local Epoch : 4/5 |  Train_Loss: 0.020 | Train_Acc: 99.435
| Global Round : 16/30 | Client id:0 | Local Epoch : 5/5 |  Train_Loss: 0.011 | Train_Acc: 99.735
| Client id:1 | Test_Loss: 0.330 | Test_Acc: 92.102
| Global Round : 16/30 | Client id:1 | Local Epoch : 1/5 |  Train_Loss: 0.066 | Train_Acc: 97.660
| Global Round : 16/30 | Client id:1 | Local Epoch : 2/5 |  Train_Loss: 0.045 | Train_Acc: 98.600
| Global Round : 16/30 | Client id:1 | Local Epoch : 3/5 |  Train_Loss: 0.029 | Train_Acc: 99.005
| Global Round : 16/30 | Client id:1 | Local Epoch : 4/5 |  Train_Loss: 0.018 | Train_Acc: 99.450
| Global Round : 16/30 | Client id:1 | Local Epoch : 5/5 |  Train_Loss: 0.015 | Train_Acc: 99.640
| Client id:2 | Test_Loss: 0.327 | Test_Acc: 91.497
| Global Round : 16/30 | Client id:2 | Local Epoch : 1/5 |  Train_Loss: 0.065 | Train_Acc: 97.685
| Global Round : 16/30 | Client id:2 | Local Epoch : 2/5 |  Train_Loss: 0.038 | Train_Acc: 98.675
| Global Round : 16/30 | Client id:2 | Local Epoch : 3/5 |  Train_Loss: 0.030 | Train_Acc: 99.020
| Global Round : 16/30 | Client id:2 | Local Epoch : 4/5 |  Train_Loss: 0.024 | Train_Acc: 99.250
| Global Round : 16/30 | Client id:2 | Local Epoch : 5/5 |  Train_Loss: 0.020 | Train_Acc: 99.330
aggregating weights...
lambda: tensor([0.3357, 0.3323, 0.3320])
| Client id:0 | Test_Loss: 0.349 | Test_Acc: 91.622
| Global Round : 17/30 | Client id:0 | Local Epoch : 1/5 |  Train_Loss: 0.065 | Train_Acc: 97.700
| Global Round : 17/30 | Client id:0 | Local Epoch : 2/5 |  Train_Loss: 0.043 | Train_Acc: 98.595
| Global Round : 17/30 | Client id:0 | Local Epoch : 3/5 |  Train_Loss: 0.024 | Train_Acc: 99.265
| Global Round : 17/30 | Client id:0 | Local Epoch : 4/5 |  Train_Loss: 0.017 | Train_Acc: 99.545
| Global Round : 17/30 | Client id:0 | Local Epoch : 5/5 |  Train_Loss: 0.012 | Train_Acc: 99.675
| Client id:1 | Test_Loss: 0.313 | Test_Acc: 91.772
| Global Round : 17/30 | Client id:1 | Local Epoch : 1/5 |  Train_Loss: 0.067 | Train_Acc: 97.545
| Global Round : 17/30 | Client id:1 | Local Epoch : 2/5 |  Train_Loss: 0.039 | Train_Acc: 98.635
| Global Round : 17/30 | Client id:1 | Local Epoch : 3/5 |  Train_Loss: 0.033 | Train_Acc: 99.010
| Global Round : 17/30 | Client id:1 | Local Epoch : 4/5 |  Train_Loss: 0.019 | Train_Acc: 99.400
| Global Round : 17/30 | Client id:1 | Local Epoch : 5/5 |  Train_Loss: 0.015 | Train_Acc: 99.595
| Client id:2 | Test_Loss: 0.327 | Test_Acc: 91.467
| Global Round : 17/30 | Client id:2 | Local Epoch : 1/5 |  Train_Loss: 0.061 | Train_Acc: 97.790
| Global Round : 17/30 | Client id:2 | Local Epoch : 2/5 |  Train_Loss: 0.042 | Train_Acc: 98.615
| Global Round : 17/30 | Client id:2 | Local Epoch : 3/5 |  Train_Loss: 0.025 | Train_Acc: 99.135
| Global Round : 17/30 | Client id:2 | Local Epoch : 4/5 |  Train_Loss: 0.021 | Train_Acc: 99.365
| Global Round : 17/30 | Client id:2 | Local Epoch : 5/5 |  Train_Loss: 0.014 | Train_Acc: 99.625
aggregating weights...
lambda: tensor([0.3359, 0.3322, 0.3319])
| Client id:0 | Test_Loss: 0.364 | Test_Acc: 91.922
| Global Round : 18/30 | Client id:0 | Local Epoch : 1/5 |  Train_Loss: 0.068 | Train_Acc: 97.525
| Global Round : 18/30 | Client id:0 | Local Epoch : 2/5 |  Train_Loss: 0.040 | Train_Acc: 98.675
| Global Round : 18/30 | Client id:0 | Local Epoch : 3/5 |  Train_Loss: 0.032 | Train_Acc: 99.000
| Global Round : 18/30 | Client id:0 | Local Epoch : 4/5 |  Train_Loss: 0.025 | Train_Acc: 99.265
| Global Round : 18/30 | Client id:0 | Local Epoch : 5/5 |  Train_Loss: 0.014 | Train_Acc: 99.625
| Client id:1 | Test_Loss: 0.342 | Test_Acc: 91.742
| Global Round : 18/30 | Client id:1 | Local Epoch : 1/5 |  Train_Loss: 0.059 | Train_Acc: 97.885
| Global Round : 18/30 | Client id:1 | Local Epoch : 2/5 |  Train_Loss: 0.041 | Train_Acc: 98.515
| Global Round : 18/30 | Client id:1 | Local Epoch : 3/5 |  Train_Loss: 0.035 | Train_Acc: 98.825
| Global Round : 18/30 | Client id:1 | Local Epoch : 4/5 |  Train_Loss: 0.017 | Train_Acc: 99.485
| Global Round : 18/30 | Client id:1 | Local Epoch : 5/5 |  Train_Loss: 0.013 | Train_Acc: 99.650
| Client id:2 | Test_Loss: 0.338 | Test_Acc: 91.677
| Global Round : 18/30 | Client id:2 | Local Epoch : 1/5 |  Train_Loss: 0.061 | Train_Acc: 97.865
| Global Round : 18/30 | Client id:2 | Local Epoch : 2/5 |  Train_Loss: 0.040 | Train_Acc: 98.620
| Global Round : 18/30 | Client id:2 | Local Epoch : 3/5 |  Train_Loss: 0.025 | Train_Acc: 99.255
| Global Round : 18/30 | Client id:2 | Local Epoch : 4/5 |  Train_Loss: 0.020 | Train_Acc: 99.395
| Global Round : 18/30 | Client id:2 | Local Epoch : 5/5 |  Train_Loss: 0.025 | Train_Acc: 99.165
aggregating weights...
lambda: tensor([0.3361, 0.3321, 0.3318])
| Client id:0 | Test_Loss: 0.323 | Test_Acc: 91.832
| Global Round : 19/30 | Client id:0 | Local Epoch : 1/5 |  Train_Loss: 0.061 | Train_Acc: 97.805
| Global Round : 19/30 | Client id:0 | Local Epoch : 2/5 |  Train_Loss: 0.043 | Train_Acc: 98.630
| Global Round : 19/30 | Client id:0 | Local Epoch : 3/5 |  Train_Loss: 0.034 | Train_Acc: 98.930
| Global Round : 19/30 | Client id:0 | Local Epoch : 4/5 |  Train_Loss: 0.020 | Train_Acc: 99.335
| Global Round : 19/30 | Client id:0 | Local Epoch : 5/5 |  Train_Loss: 0.017 | Train_Acc: 99.465
| Client id:1 | Test_Loss: 0.307 | Test_Acc: 91.712
| Global Round : 19/30 | Client id:1 | Local Epoch : 1/5 |  Train_Loss: 0.057 | Train_Acc: 97.925
| Global Round : 19/30 | Client id:1 | Local Epoch : 2/5 |  Train_Loss: 0.042 | Train_Acc: 98.615
| Global Round : 19/30 | Client id:1 | Local Epoch : 3/5 |  Train_Loss: 0.021 | Train_Acc: 99.375
| Global Round : 19/30 | Client id:1 | Local Epoch : 4/5 |  Train_Loss: 0.014 | Train_Acc: 99.625
| Global Round : 19/30 | Client id:1 | Local Epoch : 5/5 |  Train_Loss: 0.010 | Train_Acc: 99.820
| Client id:2 | Test_Loss: 0.307 | Test_Acc: 90.958
| Global Round : 19/30 | Client id:2 | Local Epoch : 1/5 |  Train_Loss: 0.053 | Train_Acc: 98.260
| Global Round : 19/30 | Client id:2 | Local Epoch : 2/5 |  Train_Loss: 0.039 | Train_Acc: 98.655
| Global Round : 19/30 | Client id:2 | Local Epoch : 3/5 |  Train_Loss: 0.033 | Train_Acc: 98.980
| Global Round : 19/30 | Client id:2 | Local Epoch : 4/5 |  Train_Loss: 0.021 | Train_Acc: 99.340
| Global Round : 19/30 | Client id:2 | Local Epoch : 5/5 |  Train_Loss: 0.011 | Train_Acc: 99.730
aggregating weights...
lambda: tensor([0.3362, 0.3321, 0.3318])
| Client id:0 | Test_Loss: 0.353 | Test_Acc: 91.832
| Global Round : 20/30 | Client id:0 | Local Epoch : 1/5 |  Train_Loss: 0.056 | Train_Acc: 98.000
| Global Round : 20/30 | Client id:0 | Local Epoch : 2/5 |  Train_Loss: 0.041 | Train_Acc: 98.690
| Global Round : 20/30 | Client id:0 | Local Epoch : 3/5 |  Train_Loss: 0.026 | Train_Acc: 99.235
| Global Round : 20/30 | Client id:0 | Local Epoch : 4/5 |  Train_Loss: 0.018 | Train_Acc: 99.470
| Global Round : 20/30 | Client id:0 | Local Epoch : 5/5 |  Train_Loss: 0.009 | Train_Acc: 99.810
| Client id:1 | Test_Loss: 0.331 | Test_Acc: 91.832
| Global Round : 20/30 | Client id:1 | Local Epoch : 1/5 |  Train_Loss: 0.060 | Train_Acc: 97.975
| Global Round : 20/30 | Client id:1 | Local Epoch : 2/5 |  Train_Loss: 0.043 | Train_Acc: 98.540
| Global Round : 20/30 | Client id:1 | Local Epoch : 3/5 |  Train_Loss: 0.026 | Train_Acc: 99.215
| Global Round : 20/30 | Client id:1 | Local Epoch : 4/5 |  Train_Loss: 0.018 | Train_Acc: 99.450
| Global Round : 20/30 | Client id:1 | Local Epoch : 5/5 |  Train_Loss: 0.018 | Train_Acc: 99.475
| Client id:2 | Test_Loss: 0.321 | Test_Acc: 91.347
| Global Round : 20/30 | Client id:2 | Local Epoch : 1/5 |  Train_Loss: 0.059 | Train_Acc: 97.965
| Global Round : 20/30 | Client id:2 | Local Epoch : 2/5 |  Train_Loss: 0.044 | Train_Acc: 98.500
| Global Round : 20/30 | Client id:2 | Local Epoch : 3/5 |  Train_Loss: 0.030 | Train_Acc: 99.030
| Global Round : 20/30 | Client id:2 | Local Epoch : 4/5 |  Train_Loss: 0.022 | Train_Acc: 99.225
| Global Round : 20/30 | Client id:2 | Local Epoch : 5/5 |  Train_Loss: 0.015 | Train_Acc: 99.635
aggregating weights...
lambda: tensor([0.3364, 0.3320, 0.3316])
| Client id:0 | Test_Loss: 0.367 | Test_Acc: 92.192
| Global Round : 21/30 | Client id:0 | Local Epoch : 1/5 |  Train_Loss: 0.061 | Train_Acc: 97.745
| Global Round : 21/30 | Client id:0 | Local Epoch : 2/5 |  Train_Loss: 0.041 | Train_Acc: 98.545
| Global Round : 21/30 | Client id:0 | Local Epoch : 3/5 |  Train_Loss: 0.029 | Train_Acc: 99.080
| Global Round : 21/30 | Client id:0 | Local Epoch : 4/5 |  Train_Loss: 0.023 | Train_Acc: 99.275
| Global Round : 21/30 | Client id:0 | Local Epoch : 5/5 |  Train_Loss: 0.013 | Train_Acc: 99.710
| Client id:1 | Test_Loss: 0.321 | Test_Acc: 91.952
| Global Round : 21/30 | Client id:1 | Local Epoch : 1/5 |  Train_Loss: 0.054 | Train_Acc: 98.160
| Global Round : 21/30 | Client id:1 | Local Epoch : 2/5 |  Train_Loss: 0.040 | Train_Acc: 98.655
| Global Round : 21/30 | Client id:1 | Local Epoch : 3/5 |  Train_Loss: 0.027 | Train_Acc: 99.165
| Global Round : 21/30 | Client id:1 | Local Epoch : 4/5 |  Train_Loss: 0.018 | Train_Acc: 99.465
| Global Round : 21/30 | Client id:1 | Local Epoch : 5/5 |  Train_Loss: 0.014 | Train_Acc: 99.620
| Client id:2 | Test_Loss: 0.333 | Test_Acc: 91.647
| Global Round : 21/30 | Client id:2 | Local Epoch : 1/5 |  Train_Loss: 0.062 | Train_Acc: 97.765
| Global Round : 21/30 | Client id:2 | Local Epoch : 2/5 |  Train_Loss: 0.039 | Train_Acc: 98.645
| Global Round : 21/30 | Client id:2 | Local Epoch : 3/5 |  Train_Loss: 0.024 | Train_Acc: 99.205
| Global Round : 21/30 | Client id:2 | Local Epoch : 4/5 |  Train_Loss: 0.013 | Train_Acc: 99.615
| Global Round : 21/30 | Client id:2 | Local Epoch : 5/5 |  Train_Loss: 0.011 | Train_Acc: 99.705
aggregating weights...
lambda: tensor([0.3366, 0.3318, 0.3316])
| Client id:0 | Test_Loss: 0.358 | Test_Acc: 92.102
| Global Round : 22/30 | Client id:0 | Local Epoch : 1/5 |  Train_Loss: 0.052 | Train_Acc: 98.190
| Global Round : 22/30 | Client id:0 | Local Epoch : 2/5 |  Train_Loss: 0.038 | Train_Acc: 98.685
| Global Round : 22/30 | Client id:0 | Local Epoch : 3/5 |  Train_Loss: 0.031 | Train_Acc: 98.995
| Global Round : 22/30 | Client id:0 | Local Epoch : 4/5 |  Train_Loss: 0.021 | Train_Acc: 99.320
| Global Round : 22/30 | Client id:0 | Local Epoch : 5/5 |  Train_Loss: 0.013 | Train_Acc: 99.700
| Client id:1 | Test_Loss: 0.318 | Test_Acc: 91.922
| Global Round : 22/30 | Client id:1 | Local Epoch : 1/5 |  Train_Loss: 0.057 | Train_Acc: 98.000
| Global Round : 22/30 | Client id:1 | Local Epoch : 2/5 |  Train_Loss: 0.037 | Train_Acc: 98.815
| Global Round : 22/30 | Client id:1 | Local Epoch : 3/5 |  Train_Loss: 0.031 | Train_Acc: 99.005
| Global Round : 22/30 | Client id:1 | Local Epoch : 4/5 |  Train_Loss: 0.024 | Train_Acc: 99.290
| Global Round : 22/30 | Client id:1 | Local Epoch : 5/5 |  Train_Loss: 0.012 | Train_Acc: 99.750
| Client id:2 | Test_Loss: 0.321 | Test_Acc: 91.407
| Global Round : 22/30 | Client id:2 | Local Epoch : 1/5 |  Train_Loss: 0.061 | Train_Acc: 97.730
| Global Round : 22/30 | Client id:2 | Local Epoch : 2/5 |  Train_Loss: 0.037 | Train_Acc: 98.740
| Global Round : 22/30 | Client id:2 | Local Epoch : 3/5 |  Train_Loss: 0.029 | Train_Acc: 99.015
| Global Round : 22/30 | Client id:2 | Local Epoch : 4/5 |  Train_Loss: 0.018 | Train_Acc: 99.505
| Global Round : 22/30 | Client id:2 | Local Epoch : 5/5 |  Train_Loss: 0.011 | Train_Acc: 99.725
aggregating weights...
lambda: tensor([0.3369, 0.3317, 0.3315])
| Client id:0 | Test_Loss: 0.394 | Test_Acc: 91.562
| Global Round : 23/30 | Client id:0 | Local Epoch : 1/5 |  Train_Loss: 0.050 | Train_Acc: 98.235
| Global Round : 23/30 | Client id:0 | Local Epoch : 2/5 |  Train_Loss: 0.039 | Train_Acc: 98.775
| Global Round : 23/30 | Client id:0 | Local Epoch : 3/5 |  Train_Loss: 0.026 | Train_Acc: 99.250
| Global Round : 23/30 | Client id:0 | Local Epoch : 4/5 |  Train_Loss: 0.016 | Train_Acc: 99.525
| Global Round : 23/30 | Client id:0 | Local Epoch : 5/5 |  Train_Loss: 0.009 | Train_Acc: 99.815
| Client id:1 | Test_Loss: 0.317 | Test_Acc: 91.922
| Global Round : 23/30 | Client id:1 | Local Epoch : 1/5 |  Train_Loss: 0.052 | Train_Acc: 98.205
| Global Round : 23/30 | Client id:1 | Local Epoch : 2/5 |  Train_Loss: 0.043 | Train_Acc: 98.500
| Global Round : 23/30 | Client id:1 | Local Epoch : 3/5 |  Train_Loss: 0.024 | Train_Acc: 99.265
| Global Round : 23/30 | Client id:1 | Local Epoch : 4/5 |  Train_Loss: 0.018 | Train_Acc: 99.540
| Global Round : 23/30 | Client id:1 | Local Epoch : 5/5 |  Train_Loss: 0.007 | Train_Acc: 99.870
| Client id:2 | Test_Loss: 0.315 | Test_Acc: 91.946
| Global Round : 23/30 | Client id:2 | Local Epoch : 1/5 |  Train_Loss: 0.054 | Train_Acc: 98.125
| Global Round : 23/30 | Client id:2 | Local Epoch : 2/5 |  Train_Loss: 0.041 | Train_Acc: 98.495
| Global Round : 23/30 | Client id:2 | Local Epoch : 3/5 |  Train_Loss: 0.022 | Train_Acc: 99.400
| Global Round : 23/30 | Client id:2 | Local Epoch : 4/5 |  Train_Loss: 0.015 | Train_Acc: 99.600
| Global Round : 23/30 | Client id:2 | Local Epoch : 5/5 |  Train_Loss: 0.010 | Train_Acc: 99.820
aggregating weights...
lambda: tensor([0.3374, 0.3314, 0.3312])
| Client id:0 | Test_Loss: 0.362 | Test_Acc: 91.742
| Global Round : 24/30 | Client id:0 | Local Epoch : 1/5 |  Train_Loss: 0.048 | Train_Acc: 98.345
| Global Round : 24/30 | Client id:0 | Local Epoch : 2/5 |  Train_Loss: 0.042 | Train_Acc: 98.580
| Global Round : 24/30 | Client id:0 | Local Epoch : 3/5 |  Train_Loss: 0.037 | Train_Acc: 98.790
| Global Round : 24/30 | Client id:0 | Local Epoch : 4/5 |  Train_Loss: 0.026 | Train_Acc: 99.265
| Global Round : 24/30 | Client id:0 | Local Epoch : 5/5 |  Train_Loss: 0.012 | Train_Acc: 99.675
| Client id:1 | Test_Loss: 0.320 | Test_Acc: 92.282
| Global Round : 24/30 | Client id:1 | Local Epoch : 1/5 |  Train_Loss: 0.057 | Train_Acc: 98.075
| Global Round : 24/30 | Client id:1 | Local Epoch : 2/5 |  Train_Loss: 0.039 | Train_Acc: 98.650
| Global Round : 24/30 | Client id:1 | Local Epoch : 3/5 |  Train_Loss: 0.026 | Train_Acc: 99.120
| Global Round : 24/30 | Client id:1 | Local Epoch : 4/5 |  Train_Loss: 0.011 | Train_Acc: 99.765
| Global Round : 24/30 | Client id:1 | Local Epoch : 5/5 |  Train_Loss: 0.011 | Train_Acc: 99.745
| Client id:2 | Test_Loss: 0.330 | Test_Acc: 91.317
| Global Round : 24/30 | Client id:2 | Local Epoch : 1/5 |  Train_Loss: 0.051 | Train_Acc: 98.275
| Global Round : 24/30 | Client id:2 | Local Epoch : 2/5 |  Train_Loss: 0.038 | Train_Acc: 98.840
| Global Round : 24/30 | Client id:2 | Local Epoch : 3/5 |  Train_Loss: 0.030 | Train_Acc: 99.000
| Global Round : 24/30 | Client id:2 | Local Epoch : 4/5 |  Train_Loss: 0.021 | Train_Acc: 99.330
| Global Round : 24/30 | Client id:2 | Local Epoch : 5/5 |  Train_Loss: 0.014 | Train_Acc: 99.625
aggregating weights...
lambda: tensor([0.3376, 0.3313, 0.3311])
| Client id:0 | Test_Loss: 0.348 | Test_Acc: 91.502
| Global Round : 25/30 | Client id:0 | Local Epoch : 1/5 |  Train_Loss: 0.044 | Train_Acc: 98.610
| Global Round : 25/30 | Client id:0 | Local Epoch : 2/5 |  Train_Loss: 0.036 | Train_Acc: 98.850
| Global Round : 25/30 | Client id:0 | Local Epoch : 3/5 |  Train_Loss: 0.030 | Train_Acc: 99.020
| Global Round : 25/30 | Client id:0 | Local Epoch : 4/5 |  Train_Loss: 0.030 | Train_Acc: 99.020
| Global Round : 25/30 | Client id:0 | Local Epoch : 5/5 |  Train_Loss: 0.016 | Train_Acc: 99.595
| Client id:1 | Test_Loss: 0.344 | Test_Acc: 91.532
| Global Round : 25/30 | Client id:1 | Local Epoch : 1/5 |  Train_Loss: 0.057 | Train_Acc: 98.025
| Global Round : 25/30 | Client id:1 | Local Epoch : 2/5 |  Train_Loss: 0.038 | Train_Acc: 98.720
| Global Round : 25/30 | Client id:1 | Local Epoch : 3/5 |  Train_Loss: 0.023 | Train_Acc: 99.280
| Global Round : 25/30 | Client id:1 | Local Epoch : 4/5 |  Train_Loss: 0.022 | Train_Acc: 99.335
| Global Round : 25/30 | Client id:1 | Local Epoch : 5/5 |  Train_Loss: 0.015 | Train_Acc: 99.630
| Client id:2 | Test_Loss: 0.318 | Test_Acc: 91.527
| Global Round : 25/30 | Client id:2 | Local Epoch : 1/5 |  Train_Loss: 0.046 | Train_Acc: 98.370
| Global Round : 25/30 | Client id:2 | Local Epoch : 2/5 |  Train_Loss: 0.046 | Train_Acc: 98.375
| Global Round : 25/30 | Client id:2 | Local Epoch : 3/5 |  Train_Loss: 0.023 | Train_Acc: 99.330
| Global Round : 25/30 | Client id:2 | Local Epoch : 4/5 |  Train_Loss: 0.019 | Train_Acc: 99.450
| Global Round : 25/30 | Client id:2 | Local Epoch : 5/5 |  Train_Loss: 0.021 | Train_Acc: 99.345
aggregating weights...
lambda: tensor([0.3378, 0.3313, 0.3309])
| Client id:0 | Test_Loss: 0.330 | Test_Acc: 91.802
| Global Round : 26/30 | Client id:0 | Local Epoch : 1/5 |  Train_Loss: 0.047 | Train_Acc: 98.390
| Global Round : 26/30 | Client id:0 | Local Epoch : 2/5 |  Train_Loss: 0.037 | Train_Acc: 98.765
| Global Round : 26/30 | Client id:0 | Local Epoch : 3/5 |  Train_Loss: 0.014 | Train_Acc: 99.640
| Global Round : 26/30 | Client id:0 | Local Epoch : 4/5 |  Train_Loss: 0.008 | Train_Acc: 99.855
| Global Round : 26/30 | Client id:0 | Local Epoch : 5/5 |  Train_Loss: 0.006 | Train_Acc: 99.895
| Client id:1 | Test_Loss: 0.315 | Test_Acc: 91.772
| Global Round : 26/30 | Client id:1 | Local Epoch : 1/5 |  Train_Loss: 0.051 | Train_Acc: 98.315
| Global Round : 26/30 | Client id:1 | Local Epoch : 2/5 |  Train_Loss: 0.032 | Train_Acc: 99.030
| Global Round : 26/30 | Client id:1 | Local Epoch : 3/5 |  Train_Loss: 0.027 | Train_Acc: 99.110
| Global Round : 26/30 | Client id:1 | Local Epoch : 4/5 |  Train_Loss: 0.017 | Train_Acc: 99.535
| Global Round : 26/30 | Client id:1 | Local Epoch : 5/5 |  Train_Loss: 0.013 | Train_Acc: 99.680
| Client id:2 | Test_Loss: 0.305 | Test_Acc: 91.557
| Global Round : 26/30 | Client id:2 | Local Epoch : 1/5 |  Train_Loss: 0.050 | Train_Acc: 98.305
| Global Round : 26/30 | Client id:2 | Local Epoch : 2/5 |  Train_Loss: 0.036 | Train_Acc: 98.825
| Global Round : 26/30 | Client id:2 | Local Epoch : 3/5 |  Train_Loss: 0.025 | Train_Acc: 99.225
| Global Round : 26/30 | Client id:2 | Local Epoch : 4/5 |  Train_Loss: 0.017 | Train_Acc: 99.500
| Global Round : 26/30 | Client id:2 | Local Epoch : 5/5 |  Train_Loss: 0.015 | Train_Acc: 99.615
aggregating weights...
lambda: tensor([0.3379, 0.3313, 0.3308])
| Client id:0 | Test_Loss: 0.347 | Test_Acc: 91.772
| Global Round : 27/30 | Client id:0 | Local Epoch : 1/5 |  Train_Loss: 0.053 | Train_Acc: 98.170
| Global Round : 27/30 | Client id:0 | Local Epoch : 2/5 |  Train_Loss: 0.043 | Train_Acc: 98.565
| Global Round : 27/30 | Client id:0 | Local Epoch : 3/5 |  Train_Loss: 0.031 | Train_Acc: 99.000
| Global Round : 27/30 | Client id:0 | Local Epoch : 4/5 |  Train_Loss: 0.015 | Train_Acc: 99.585
| Global Round : 27/30 | Client id:0 | Local Epoch : 5/5 |  Train_Loss: 0.010 | Train_Acc: 99.775
| Client id:1 | Test_Loss: 0.331 | Test_Acc: 91.742
| Global Round : 27/30 | Client id:1 | Local Epoch : 1/5 |  Train_Loss: 0.061 | Train_Acc: 97.805
| Global Round : 27/30 | Client id:1 | Local Epoch : 2/5 |  Train_Loss: 0.038 | Train_Acc: 98.710
| Global Round : 27/30 | Client id:1 | Local Epoch : 3/5 |  Train_Loss: 0.027 | Train_Acc: 99.155
| Global Round : 27/30 | Client id:1 | Local Epoch : 4/5 |  Train_Loss: 0.017 | Train_Acc: 99.545
| Global Round : 27/30 | Client id:1 | Local Epoch : 5/5 |  Train_Loss: 0.009 | Train_Acc: 99.780
| Client id:2 | Test_Loss: 0.337 | Test_Acc: 91.377
| Global Round : 27/30 | Client id:2 | Local Epoch : 1/5 |  Train_Loss: 0.051 | Train_Acc: 98.180
| Global Round : 27/30 | Client id:2 | Local Epoch : 2/5 |  Train_Loss: 0.040 | Train_Acc: 98.695
| Global Round : 27/30 | Client id:2 | Local Epoch : 3/5 |  Train_Loss: 0.026 | Train_Acc: 99.180
| Global Round : 27/30 | Client id:2 | Local Epoch : 4/5 |  Train_Loss: 0.013 | Train_Acc: 99.660
| Global Round : 27/30 | Client id:2 | Local Epoch : 5/5 |  Train_Loss: 0.010 | Train_Acc: 99.780
aggregating weights...
lambda: tensor([0.3380, 0.3312, 0.3308])
| Client id:0 | Test_Loss: 0.341 | Test_Acc: 91.922
| Global Round : 28/30 | Client id:0 | Local Epoch : 1/5 |  Train_Loss: 0.052 | Train_Acc: 98.165
| Global Round : 28/30 | Client id:0 | Local Epoch : 2/5 |  Train_Loss: 0.041 | Train_Acc: 98.570
| Global Round : 28/30 | Client id:0 | Local Epoch : 3/5 |  Train_Loss: 0.025 | Train_Acc: 99.210
| Global Round : 28/30 | Client id:0 | Local Epoch : 4/5 |  Train_Loss: 0.015 | Train_Acc: 99.580
| Global Round : 28/30 | Client id:0 | Local Epoch : 5/5 |  Train_Loss: 0.016 | Train_Acc: 99.555
| Client id:1 | Test_Loss: 0.314 | Test_Acc: 91.742
| Global Round : 28/30 | Client id:1 | Local Epoch : 1/5 |  Train_Loss: 0.049 | Train_Acc: 98.280
| Global Round : 28/30 | Client id:1 | Local Epoch : 2/5 |  Train_Loss: 0.030 | Train_Acc: 99.055
| Global Round : 28/30 | Client id:1 | Local Epoch : 3/5 |  Train_Loss: 0.032 | Train_Acc: 98.915
| Global Round : 28/30 | Client id:1 | Local Epoch : 4/5 |  Train_Loss: 0.024 | Train_Acc: 99.285
| Global Round : 28/30 | Client id:1 | Local Epoch : 5/5 |  Train_Loss: 0.014 | Train_Acc: 99.610
| Client id:2 | Test_Loss: 0.322 | Test_Acc: 91.587
| Global Round : 28/30 | Client id:2 | Local Epoch : 1/5 |  Train_Loss: 0.047 | Train_Acc: 98.425
| Global Round : 28/30 | Client id:2 | Local Epoch : 2/5 |  Train_Loss: 0.034 | Train_Acc: 98.890
| Global Round : 28/30 | Client id:2 | Local Epoch : 3/5 |  Train_Loss: 0.027 | Train_Acc: 99.205
| Global Round : 28/30 | Client id:2 | Local Epoch : 4/5 |  Train_Loss: 0.019 | Train_Acc: 99.405
| Global Round : 28/30 | Client id:2 | Local Epoch : 5/5 |  Train_Loss: 0.014 | Train_Acc: 99.585
aggregating weights...
lambda: tensor([0.3381, 0.3311, 0.3308])
| Client id:0 | Test_Loss: 0.332 | Test_Acc: 91.802
| Global Round : 29/30 | Client id:0 | Local Epoch : 1/5 |  Train_Loss: 0.039 | Train_Acc: 98.685
| Global Round : 29/30 | Client id:0 | Local Epoch : 2/5 |  Train_Loss: 0.043 | Train_Acc: 98.560
| Global Round : 29/30 | Client id:0 | Local Epoch : 3/5 |  Train_Loss: 0.028 | Train_Acc: 99.120
| Global Round : 29/30 | Client id:0 | Local Epoch : 4/5 |  Train_Loss: 0.011 | Train_Acc: 99.750
| Global Round : 29/30 | Client id:0 | Local Epoch : 5/5 |  Train_Loss: 0.010 | Train_Acc: 99.700
| Client id:1 | Test_Loss: 0.325 | Test_Acc: 91.682
| Global Round : 29/30 | Client id:1 | Local Epoch : 1/5 |  Train_Loss: 0.051 | Train_Acc: 98.205
| Global Round : 29/30 | Client id:1 | Local Epoch : 2/5 |  Train_Loss: 0.030 | Train_Acc: 99.040
| Global Round : 29/30 | Client id:1 | Local Epoch : 3/5 |  Train_Loss: 0.017 | Train_Acc: 99.550
| Global Round : 29/30 | Client id:1 | Local Epoch : 4/5 |  Train_Loss: 0.020 | Train_Acc: 99.360
| Global Round : 29/30 | Client id:1 | Local Epoch : 5/5 |  Train_Loss: 0.019 | Train_Acc: 99.425
| Client id:2 | Test_Loss: 0.316 | Test_Acc: 91.407
| Global Round : 29/30 | Client id:2 | Local Epoch : 1/5 |  Train_Loss: 0.050 | Train_Acc: 98.250
| Global Round : 29/30 | Client id:2 | Local Epoch : 2/5 |  Train_Loss: 0.038 | Train_Acc: 98.735
| Global Round : 29/30 | Client id:2 | Local Epoch : 3/5 |  Train_Loss: 0.027 | Train_Acc: 99.110
| Global Round : 29/30 | Client id:2 | Local Epoch : 4/5 |  Train_Loss: 0.012 | Train_Acc: 99.725
| Global Round : 29/30 | Client id:2 | Local Epoch : 5/5 |  Train_Loss: 0.008 | Train_Acc: 99.800
aggregating weights...
lambda: tensor([0.3382, 0.3311, 0.3307])
| Client id:0 | Test_Loss: 0.345 | Test_Acc: 91.622
| Global Round : 30/30 | Client id:0 | Local Epoch : 1/5 |  Train_Loss: 0.048 | Train_Acc: 98.420
| Global Round : 30/30 | Client id:0 | Local Epoch : 2/5 |  Train_Loss: 0.037 | Train_Acc: 98.745
| Global Round : 30/30 | Client id:0 | Local Epoch : 3/5 |  Train_Loss: 0.022 | Train_Acc: 99.310
| Global Round : 30/30 | Client id:0 | Local Epoch : 4/5 |  Train_Loss: 0.020 | Train_Acc: 99.415
| Global Round : 30/30 | Client id:0 | Local Epoch : 5/5 |  Train_Loss: 0.013 | Train_Acc: 99.670
| Client id:1 | Test_Loss: 0.317 | Test_Acc: 91.892
| Global Round : 30/30 | Client id:1 | Local Epoch : 1/5 |  Train_Loss: 0.044 | Train_Acc: 98.495
| Global Round : 30/30 | Client id:1 | Local Epoch : 2/5 |  Train_Loss: 0.039 | Train_Acc: 98.690
| Global Round : 30/30 | Client id:1 | Local Epoch : 3/5 |  Train_Loss: 0.019 | Train_Acc: 99.490
| Global Round : 30/30 | Client id:1 | Local Epoch : 4/5 |  Train_Loss: 0.011 | Train_Acc: 99.755
| Global Round : 30/30 | Client id:1 | Local Epoch : 5/5 |  Train_Loss: 0.007 | Train_Acc: 99.890
| Client id:2 | Test_Loss: 0.327 | Test_Acc: 91.078
| Global Round : 30/30 | Client id:2 | Local Epoch : 1/5 |  Train_Loss: 0.046 | Train_Acc: 98.380
| Global Round : 30/30 | Client id:2 | Local Epoch : 2/5 |  Train_Loss: 0.037 | Train_Acc: 98.780
| Global Round : 30/30 | Client id:2 | Local Epoch : 3/5 |  Train_Loss: 0.032 | Train_Acc: 98.950
| Global Round : 30/30 | Client id:2 | Local Epoch : 4/5 |  Train_Loss: 0.019 | Train_Acc: 99.440
| Global Round : 30/30 | Client id:2 | Local Epoch : 5/5 |  Train_Loss: 0.016 | Train_Acc: 99.545
aggregating weights...
lambda: tensor([0.3384, 0.3310, 0.3307])

Final Results
| Client id:0 | Test_Loss: 0.349 | Test_Acc: 91.742
| Client id:1 | Test_Loss: 0.332 | Test_Acc: 91.622
| Client id:2 | Test_Loss: 0.325 | Test_Acc: 91.317
